FUSE library version: 2.9.7
unique: 1, opcode: INIT (26), nodeid: 0, insize: 56, pid: 0
INIT: 7.23
flags=0x0003f7fb
max_readahead=0x00020000
   INIT: 7.19
   flags=0x00000000
   max_readahead=0x00020000
   max_write=0x00020000
   max_background=0
   congestion_threshold=0
   unique: 1, success, outsize: 40
unique: 2, opcode: OPENDIR (27), nodeid: 1, insize: 48, pid: 2325
   unique: 2, success, outsize: 32
unique: 3, opcode: LOOKUP (1), nodeid: 1, insize: 47, pid: 2405
isfile: 1 is a dir
   unique: 3, error: -2 (No such file or directory), outsize: 16
unique: 4, opcode: LOOKUP (1), nodeid: 1, insize: 57, pid: 3201
isfile: 1 is a dir
   unique: 4, error: -2 (No such file or directory), outsize: 16
unique: 5, opcode: LOOKUP (1), nodeid: 1, insize: 52, pid: 3210
isfile: 1 is a dir
   unique: 5, error: -2 (No such file or directory), outsize: 16
unique: 6, opcode: READDIR (28), nodeid: 1, insize: 80, pid: 2325
fuseserver_readdir
isfile: 1 is a dir
isfile: 1 is a dir
   unique: 6, success, outsize: 16
unique: 7, opcode: RELEASEDIR (29), nodeid: 1, insize: 64, pid: 0
   unique: 7, success, outsize: 16
unique: 8, opcode: LOOKUP (1), nodeid: 1, insize: 52, pid: 2405
isfile: 1 is a dir
   unique: 8, error: -2 (No such file or directory), outsize: 16
unique: 9, opcode: OPENDIR (27), nodeid: 1, insize: 48, pid: 2325
   unique: 9, success, outsize: 32
unique: 10, opcode: READDIR (28), nodeid: 1, insize: 80, pid: 2325
fuseserver_readdir
isfile: 1 is a dir
isfile: 1 is a dir
   unique: 10, success, outsize: 16
unique: 11, opcode: RELEASEDIR (29), nodeid: 1, insize: 64, pid: 0
   unique: 11, success, outsize: 16
unique: 12, opcode: OPENDIR (27), nodeid: 1, insize: 48, pid: 2325
   unique: 12, success, outsize: 32
unique: 13, opcode: READDIR (28), nodeid: 1, insize: 80, pid: 2325
fuseserver_readdir
isfile: 1 is a dir
isfile: 1 is a dir
   unique: 13, success, outsize: 16
unique: 14, opcode: RELEASEDIR (29), nodeid: 1, insize: 64, pid: 0
   unique: 14, success, outsize: 16
unique: 15, opcode: OPENDIR (27), nodeid: 1, insize: 48, pid: 2325
   unique: 15, success, outsize: 32
unique: 16, opcode: READDIR (28), nodeid: 1, insize: 80, pid: 2325
fuseserver_readdir
isfile: 1 is a dir
isfile: 1 is a dir
   unique: 16, success, outsize: 16
unique: 17, opcode: RELEASEDIR (29), nodeid: 1, insize: 64, pid: 0
   unique: 17, success, outsize: 16
unique: 18, opcode: OPENDIR (27), nodeid: 1, insize: 48, pid: 2325
   unique: 18, success, outsize: 32
unique: 19, opcode: READDIR (28), nodeid: 1, insize: 80, pid: 2325
fuseserver_readdir
isfile: 1 is a dir
isfile: 1 is a dir
   unique: 19, success, outsize: 16
unique: 20, opcode: RELEASEDIR (29), nodeid: 1, insize: 64, pid: 0
   unique: 20, success, outsize: 16
unique: 21, opcode: OPENDIR (27), nodeid: 1, insize: 48, pid: 2325
   unique: 21, success, outsize: 32
unique: 22, opcode: READDIR (28), nodeid: 1, insize: 80, pid: 2325
fuseserver_readdir
isfile: 1 is a dir
isfile: 1 is a dir
   unique: 22, success, outsize: 16
unique: 23, opcode: RELEASEDIR (29), nodeid: 1, insize: 64, pid: 0
   unique: 23, success, outsize: 16
unique: 24, opcode: OPENDIR (27), nodeid: 1, insize: 48, pid: 2325
   unique: 24, success, outsize: 32
unique: 25, opcode: READDIR (28), nodeid: 1, insize: 80, pid: 2325
fuseserver_readdir
isfile: 1 is a dir
isfile: 1 is a dir
   unique: 25, success, outsize: 16
unique: 26, opcode: RELEASEDIR (29), nodeid: 1, insize: 64, pid: 0
   unique: 26, success, outsize: 16
unique: 27, opcode: OPENDIR (27), nodeid: 1, insize: 48, pid: 2325
   unique: 27, success, outsize: 32
unique: 28, opcode: READDIR (28), nodeid: 1, insize: 80, pid: 2325
fuseserver_readdir
isfile: 1 is a dir
isfile: 1 is a dir
   unique: 28, success, outsize: 16
unique: 29, opcode: RELEASEDIR (29), nodeid: 1, insize: 64, pid: 0
   unique: 29, success, outsize: 16
unique: 30, opcode: OPENDIR (27), nodeid: 1, insize: 48, pid: 2325
   unique: 30, success, outsize: 32
unique: 31, opcode: READDIR (28), nodeid: 1, insize: 80, pid: 2325
fuseserver_readdir
isfile: 1 is a dir
isfile: 1 is a dir
   unique: 31, success, outsize: 16
unique: 32, opcode: RELEASEDIR (29), nodeid: 1, insize: 64, pid: 0
   unique: 32, success, outsize: 16
unique: 33, opcode: OPENDIR (27), nodeid: 1, insize: 48, pid: 2325
   unique: 33, success, outsize: 32
unique: 34, opcode: READDIR (28), nodeid: 1, insize: 80, pid: 2325
fuseserver_readdir
isfile: 1 is a dir
isfile: 1 is a dir
   unique: 34, success, outsize: 16
unique: 35, opcode: RELEASEDIR (29), nodeid: 1, insize: 64, pid: 0
   unique: 35, success, outsize: 16
unique: 36, opcode: OPENDIR (27), nodeid: 1, insize: 48, pid: 2325
   unique: 36, success, outsize: 32
unique: 37, opcode: READDIR (28), nodeid: 1, insize: 80, pid: 2325
fuseserver_readdir
isfile: 1 is a dir
isfile: 1 is a dir
   unique: 37, success, outsize: 16
unique: 38, opcode: RELEASEDIR (29), nodeid: 1, insize: 64, pid: 0
   unique: 38, success, outsize: 16
unique: 39, opcode: OPENDIR (27), nodeid: 1, insize: 48, pid: 2325
   unique: 39, success, outsize: 32
unique: 40, opcode: READDIR (28), nodeid: 1, insize: 80, pid: 2325
fuseserver_readdir
isfile: 1 is a dir
isfile: 1 is a dir
   unique: 40, success, outsize: 16
unique: 41, opcode: RELEASEDIR (29), nodeid: 1, insize: 64, pid: 0
   unique: 41, success, outsize: 16
unique: 42, opcode: OPENDIR (27), nodeid: 1, insize: 48, pid: 2325
   unique: 42, success, outsize: 32
unique: 43, opcode: READDIR (28), nodeid: 1, insize: 80, pid: 2325
fuseserver_readdir
isfile: 1 is a dir
isfile: 1 is a dir
   unique: 43, success, outsize: 16
unique: 44, opcode: RELEASEDIR (29), nodeid: 1, insize: 64, pid: 0
   unique: 44, success, outsize: 16
unique: 45, opcode: OPENDIR (27), nodeid: 1, insize: 48, pid: 2325
   unique: 45, success, outsize: 32
unique: 46, opcode: READDIR (28), nodeid: 1, insize: 80, pid: 2325
fuseserver_readdir
isfile: 1 is a dir
isfile: 1 is a dir
   unique: 46, success, outsize: 16
unique: 47, opcode: RELEASEDIR (29), nodeid: 1, insize: 64, pid: 0
   unique: 47, success, outsize: 16
unique: 48, opcode: OPENDIR (27), nodeid: 1, insize: 48, pid: 2325
   unique: 48, success, outsize: 32
unique: 49, opcode: READDIR (28), nodeid: 1, insize: 80, pid: 2325
fuseserver_readdir
isfile: 1 is a dir
isfile: 1 is a dir
   unique: 49, success, outsize: 16
unique: 50, opcode: RELEASEDIR (29), nodeid: 1, insize: 64, pid: 0
   unique: 50, success, outsize: 16
unique: 51, opcode: OPENDIR (27), nodeid: 1, insize: 48, pid: 2325
   unique: 51, success, outsize: 32
unique: 52, opcode: READDIR (28), nodeid: 1, insize: 80, pid: 2325
fuseserver_readdir
isfile: 1 is a dir
isfile: 1 is a dir
   unique: 52, success, outsize: 16
unique: 53, opcode: RELEASEDIR (29), nodeid: 1, insize: 64, pid: 0
   unique: 53, success, outsize: 16
unique: 54, opcode: OPENDIR (27), nodeid: 1, insize: 48, pid: 2325
   unique: 54, success, outsize: 32
unique: 55, opcode: READDIR (28), nodeid: 1, insize: 80, pid: 2325
fuseserver_readdir
isfile: 1 is a dir
isfile: 1 is a dir
   unique: 55, success, outsize: 16
unique: 56, opcode: RELEASEDIR (29), nodeid: 1, insize: 64, pid: 0
   unique: 56, success, outsize: 16
unique: 57, opcode: OPENDIR (27), nodeid: 1, insize: 48, pid: 2325
   unique: 57, success, outsize: 32
unique: 58, opcode: READDIR (28), nodeid: 1, insize: 80, pid: 2325
fuseserver_readdir
isfile: 1 is a dir
isfile: 1 is a dir
   unique: 58, success, outsize: 16
unique: 59, opcode: RELEASEDIR (29), nodeid: 1, insize: 64, pid: 0
   unique: 59, success, outsize: 16
unique: 60, opcode: OPENDIR (27), nodeid: 1, insize: 48, pid: 2325
   unique: 60, success, outsize: 32
unique: 61, opcode: READDIR (28), nodeid: 1, insize: 80, pid: 2325
fuseserver_readdir
isfile: 1 is a dir
isfile: 1 is a dir
   unique: 61, success, outsize: 16
unique: 62, opcode: RELEASEDIR (29), nodeid: 1, insize: 64, pid: 0
   unique: 62, success, outsize: 16
unique: 63, opcode: OPENDIR (27), nodeid: 1, insize: 48, pid: 2325
   unique: 63, success, outsize: 32
unique: 64, opcode: READDIR (28), nodeid: 1, insize: 80, pid: 2325
fuseserver_readdir
isfile: 1 is a dir
isfile: 1 is a dir
   unique: 64, success, outsize: 16
unique: 65, opcode: RELEASEDIR (29), nodeid: 1, insize: 64, pid: 0
   unique: 65, success, outsize: 16
unique: 66, opcode: OPENDIR (27), nodeid: 1, insize: 48, pid: 2325
   unique: 66, success, outsize: 32
unique: 67, opcode: READDIR (28), nodeid: 1, insize: 80, pid: 2325
fuseserver_readdir
isfile: 1 is a dir
isfile: 1 is a dir
   unique: 67, success, outsize: 16
unique: 68, opcode: RELEASEDIR (29), nodeid: 1, insize: 64, pid: 0
   unique: 68, success, outsize: 16
unique: 69, opcode: OPENDIR (27), nodeid: 1, insize: 48, pid: 3201
   unique: 69, success, outsize: 32
unique: 70, opcode: READDIR (28), nodeid: 1, insize: 80, pid: 3210
fuseserver_readdir
isfile: 1 is a dir
isfile: 1 is a dir
   unique: 70, success, outsize: 16
unique: 71, opcode: RELEASEDIR (29), nodeid: 1, insize: 64, pid: 0
   unique: 71, success, outsize: 16
unique: 72, opcode: LOOKUP (1), nodeid: 1, insize: 52, pid: 3201
isfile: 1 is a dir
   unique: 72, error: -2 (No such file or directory), outsize: 16
unique: 73, opcode: LOOKUP (1), nodeid: 1, insize: 46, pid: 3286
isfile: 1 is a dir
isfile: 263 is a dir
getattr 0000000000000107 0
isfile: 263 is a dir
isfile: 263 is a dir
getsym 0000000000000107
getsim 0000000000000107 -> sz 10
   getattr -> 10   unique: 73, success, outsize: 144
unique: 74, opcode: GETATTR (3), nodeid: 263, insize: 56, pid: 3286
isfile: 263 is a dir
getattr 0000000000000107 0
isfile: 263 is a dir
isfile: 263 is a dir
getsym 0000000000000107
getsim 0000000000000107 -> sz 10
   getattr -> 10   unique: 74, success, outsize: 120
unique: 75, opcode: LOOKUP (1), nodeid: 1, insize: 46, pid: 3286
isfile: 1 is a dir
isfile: 263 is a dir
getattr 0000000000000107 0
isfile: 263 is a dir
isfile: 263 is a dir
getsym 0000000000000107
getsim 0000000000000107 -> sz 10
   getattr -> 10   unique: 75, success, outsize: 144
unique: 76, opcode: GETATTR (3), nodeid: 263, insize: 56, pid: 3286
isfile: 263 is a dir
getattr 0000000000000107 0
isfile: 263 is a dir
isfile: 263 is a dir
getsym 0000000000000107
getsim 0000000000000107 -> sz 10
   getattr -> 10   unique: 76, success, outsize: 120
unique: 77, opcode: LOOKUP (1), nodeid: 1, insize: 46, pid: 3286
isfile: 1 is a dir
isfile: 263 is a dir
getattr 0000000000000107 0
isfile: 263 is a dir
isfile: 263 is a dir
getsym 0000000000000107
getsim 0000000000000107 -> sz 10
   getattr -> 10   unique: 77, success, outsize: 144
unique: 78, opcode: UNLINK (10), nodeid: 1, insize: 46, pid: 3286
isfile: 1 is a dir
   unique: 78, success, outsize: 16
unique: 79, opcode: LOOKUP (1), nodeid: 1, insize: 54, pid: 3286
isfile: 1 is a dir
isfile: 265 is a dir
getattr 0000000000000109 0
isfile: 265 is a dir
isfile: 265 is a dir
getsym 0000000000000109
getsim 0000000000000109 -> sz 10
   getattr -> 10   unique: 79, success, outsize: 144
unique: 80, opcode: FORGET (2), nodeid: 263, insize: 48, pid: 0
unique: 81, opcode: GETATTR (3), nodeid: 265, insize: 56, pid: 3286
isfile: 265 is a dir
getattr 0000000000000109 0
isfile: 265 is a dir
isfile: 265 is a dir
getsym 0000000000000109
getsim 0000000000000109 -> sz 10
   getattr -> 10   unique: 81, success, outsize: 120
unique: 82, opcode: LOOKUP (1), nodeid: 1, insize: 54, pid: 3286
isfile: 1 is a dir
isfile: 265 is a dir
getattr 0000000000000109 0
isfile: 265 is a dir
isfile: 265 is a dir
getsym 0000000000000109
getsim 0000000000000109 -> sz 10
   getattr -> 10   unique: 82, success, outsize: 144
unique: 83, opcode: GETATTR (3), nodeid: 265, insize: 56, pid: 3286
isfile: 265 is a dir
getattr 0000000000000109 0
isfile: 265 is a dir
isfile: 265 is a dir
getsym 0000000000000109
getsim 0000000000000109 -> sz 10
   getattr -> 10   unique: 83, success, outsize: 120
unique: 84, opcode: LOOKUP (1), nodeid: 1, insize: 54, pid: 3286
isfile: 1 is a dir
isfile: 265 is a dir
getattr 0000000000000109 0
isfile: 265 is a dir
isfile: 265 is a dir
getsym 0000000000000109
getsim 0000000000000109 -> sz 10
   getattr -> 10   unique: 84, success, outsize: 144
unique: 85, opcode: UNLINK (10), nodeid: 1, insize: 54, pid: 3286
isfile: 1 is a dir
   unique: 85, success, outsize: 16
unique: 86, opcode: LOOKUP (1), nodeid: 1, insize: 51, pid: 3286
isfile: 1 is a dir
isfile: 264 is a file
getattr 0000000000000108 1
isfile: 264 is a file
getfile 0000000000000108
getfile 0000000000000108 -> sz 0
   getattr -> 0
   unique: 86, success, outsize: 144
unique: 87, opcode: FORGET (2), nodeid: 265, insize: 48, pid: 0
unique: 88, opcode: GETATTR (3), nodeid: 264, insize: 56, pid: 3286
isfile: 264 is a file
getattr 0000000000000108 1
isfile: 264 is a file
getfile 0000000000000108
getfile 0000000000000108 -> sz 0
   getattr -> 0
   unique: 88, success, outsize: 120
unique: 89, opcode: LOOKUP (1), nodeid: 1, insize: 51, pid: 3286
isfile: 1 is a dir
isfile: 264 is a file
getattr 0000000000000108 1
isfile: 264 is a file
getfile 0000000000000108
getfile 0000000000000108 -> sz 0
   getattr -> 0
   unique: 89, success, outsize: 144
unique: 90, opcode: GETATTR (3), nodeid: 264, insize: 56, pid: 3286
isfile: 264 is a file
getattr 0000000000000108 1
isfile: 264 is a file
getfile 0000000000000108
getfile 0000000000000108 -> sz 0
   getattr -> 0
   unique: 90, success, outsize: 120
unique: 91, opcode: LOOKUP (1), nodeid: 1, insize: 51, pid: 3286
isfile: 1 is a dir
isfile: 264 is a file
getattr 0000000000000108 1
isfile: 264 is a file
getfile 0000000000000108
getfile 0000000000000108 -> sz 0
   getattr -> 0
   unique: 91, success, outsize: 144
unique: 92, opcode: ACCESS (34), nodeid: 264, insize: 48, pid: 3286
   unique: 92, error: -38 (Function not implemented), outsize: 16
unique: 93, opcode: LOOKUP (1), nodeid: 1, insize: 51, pid: 3286
isfile: 1 is a dir
isfile: 264 is a file
getattr 0000000000000108 1
isfile: 264 is a file
getfile 0000000000000108
getfile 0000000000000108 -> sz 0
   getattr -> 0
   unique: 93, success, outsize: 144
unique: 94, opcode: UNLINK (10), nodeid: 1, insize: 51, pid: 3286
isfile: 1 is a dir
   unique: 94, success, outsize: 16
unique: 95, opcode: LOOKUP (1), nodeid: 1, insize: 52, pid: 3286
isfile: 1 is a dir
   unique: 95, error: -2 (No such file or directory), outsize: 16
unique: 96, opcode: FORGET (2), nodeid: 264, insize: 48, pid: 0
unique: 97, opcode: LOOKUP (1), nodeid: 1, insize: 52, pid: 3286
isfile: 1 is a dir
   unique: 97, error: -2 (No such file or directory), outsize: 16
unique: 98, opcode: LOOKUP (1), nodeid: 1, insize: 46, pid: 3287
isfile: 1 is a dir
   unique: 98, error: -2 (No such file or directory), outsize: 16
unique: 99, opcode: LOOKUP (1), nodeid: 1, insize: 46, pid: 3287
isfile: 1 is a dir
   unique: 99, error: -2 (No such file or directory), outsize: 16
unique: 100, opcode: SYMLINK (6), nodeid: 1, insize: 57, pid: 3287
isfile: 1 is a dir
isfile: 263 is a dir
getattr 0000000000000107 0
isfile: 263 is a dir
isfile: 263 is a dir
getsym 0000000000000107
getsim 0000000000000107 -> sz 10
   getattr -> 10   unique: 100, success, outsize: 144
unique: 101, opcode: LOOKUP (1), nodeid: 1, insize: 46, pid: 3288
isfile: 1 is a dir
isfile: 263 is a dir
getattr 0000000000000107 0
isfile: 263 is a dir
isfile: 263 is a dir
getsym 0000000000000107
getsim 0000000000000107 -> sz 10
   getattr -> 10   unique: 101, success, outsize: 144
unique: 102, opcode: READLINK (5), nodeid: 263, insize: 40, pid: 3288
   unique: 102, success, outsize: 26
unique: 103, opcode: LOOKUP (1), nodeid: 1, insize: 51, pid: 3289
isfile: 1 is a dir
   unique: 103, error: -2 (No such file or directory), outsize: 16
unique: 104, opcode: LOOKUP (1), nodeid: 1, insize: 51, pid: 3289
isfile: 1 is a dir
   unique: 104, error: -2 (No such file or directory), outsize: 16
unique: 105, opcode: LOOKUP (1), nodeid: 1, insize: 51, pid: 3289
isfile: 1 is a dir
   unique: 105, error: -2 (No such file or directory), outsize: 16
unique: 106, opcode: CREATE (35), nodeid: 1, insize: 67, pid: 3289
isfile: 1 is a dir
isfile: 264 is a file
getattr 0000000000000108 1
isfile: 264 is a file
getfile 0000000000000108
getfile 0000000000000108 -> sz 0
   getattr -> 0
   unique: 106, success, outsize: 160
OK: create returns.
unique: 107, opcode: GETATTR (3), nodeid: 264, insize: 56, pid: 3289
isfile: 264 is a file
getattr 0000000000000108 1
isfile: 264 is a file
getfile 0000000000000108
getfile 0000000000000108 -> sz 0
   getattr -> 0
   unique: 107, success, outsize: 120
unique: 108, opcode: GETXATTR (22), nodeid: 264, insize: 68, pid: 3289
   unique: 108, error: -38 (Function not implemented), outsize: 16
unique: 109, opcode: WRITE (16), nodeid: 264, insize: 301, pid: 3289
   unique: 109, success, outsize: 24
unique: 110, opcode: FLUSH (25), nodeid: 264, insize: 64, pid: 3289
   unique: 110, error: -38 (Function not implemented), outsize: 16
unique: 111, opcode: RELEASE (18), nodeid: 264, insize: 64, pid: 0
   unique: 111, success, outsize: 16
unique: 112, opcode: LOOKUP (1), nodeid: 1, insize: 54, pid: 3290
isfile: 1 is a dir
   unique: 112, error: -2 (No such file or directory), outsize: 16
unique: 113, opcode: LOOKUP (1), nodeid: 1, insize: 54, pid: 3290
isfile: 1 is a dir
   unique: 113, error: -2 (No such file or directory), outsize: 16
unique: 114, opcode: SYMLINK (6), nodeid: 1, insize: 65, pid: 3290
isfile: 1 is a dir
isfile: 265 is a dir
getattr 0000000000000109 0
isfile: 265 is a dir
isfile: 265 is a dir
getsym 0000000000000109
getsim 0000000000000109 -> sz 10
   getattr -> 10   unique: 114, success, outsize: 144
unique: 115, opcode: LOOKUP (1), nodeid: 1, insize: 54, pid: 3291
isfile: 1 is a dir
isfile: 265 is a dir
getattr 0000000000000109 0
isfile: 265 is a dir
isfile: 265 is a dir
getsym 0000000000000109
getsim 0000000000000109 -> sz 10
   getattr -> 10   unique: 115, success, outsize: 144
unique: 116, opcode: READLINK (5), nodeid: 265, insize: 40, pid: 3291
   unique: 116, success, outsize: 26
unique: 117, opcode: LOOKUP (1), nodeid: 1, insize: 51, pid: 3291
isfile: 1 is a dir
isfile: 264 is a file
getattr 0000000000000108 1
isfile: 264 is a file
getfile 0000000000000108
getfile 0000000000000108 -> sz 221
   getattr -> 221
   unique: 117, success, outsize: 144
unique: 118, opcode: GETATTR (3), nodeid: 264, insize: 56, pid: 3291
isfile: 264 is a file
getattr 0000000000000108 1
isfile: 264 is a file
getfile 0000000000000108
getfile 0000000000000108 -> sz 221
   getattr -> 221
   unique: 118, success, outsize: 120
unique: 119, opcode: LOOKUP (1), nodeid: 1, insize: 51, pid: 3291
isfile: 1 is a dir
isfile: 264 is a file
getattr 0000000000000108 1
isfile: 264 is a file
getfile 0000000000000108
getfile 0000000000000108 -> sz 221
   getattr -> 221
   unique: 119, success, outsize: 144
unique: 120, opcode: GETATTR (3), nodeid: 264, insize: 56, pid: 3291
isfile: 264 is a file
getattr 0000000000000108 1
isfile: 264 is a file
getfile 0000000000000108
getfile 0000000000000108 -> sz 221
   getattr -> 221
   unique: 120, success, outsize: 120
unique: 121, opcode: LOOKUP (1), nodeid: 1, insize: 51, pid: 3292
isfile: 1 is a dir
isfile: 264 is a file
getattr 0000000000000108 1
isfile: 264 is a file
getfile 0000000000000108
getfile 0000000000000108 -> sz 221
   getattr -> 221
   unique: 121, success, outsize: 144
unique: 122, opcode: GETATTR (3), nodeid: 264, insize: 56, pid: 3292
isfile: 264 is a file
getattr 0000000000000108 1
isfile: 264 is a file
getfile 0000000000000108
getfile 0000000000000108 -> sz 221
   getattr -> 221
   unique: 122, success, outsize: 120
unique: 123, opcode: LOOKUP (1), nodeid: 1, insize: 51, pid: 3292
isfile: 1 is a dir
isfile: 264 is a file
getattr 0000000000000108 1
isfile: 264 is a file
getfile 0000000000000108
getfile 0000000000000108 -> sz 221
   getattr -> 221
   unique: 123, success, outsize: 144
unique: 124, opcode: GETATTR (3), nodeid: 264, insize: 56, pid: 3292
isfile: 264 is a file
getattr 0000000000000108 1
isfile: 264 is a file
getfile 0000000000000108
getfile 0000000000000108 -> sz 221
   getattr -> 221
   unique: 124, success, outsize: 120
unique: 125, opcode: LOOKUP (1), nodeid: 1, insize: 51, pid: 3292
isfile: 1 is a dir
isfile: 264 is a file
getattr 0000000000000108 1
isfile: 264 is a file
getfile 0000000000000108
getfile 0000000000000108 -> sz 221
   getattr -> 221
   unique: 125, success, outsize: 144
unique: 126, opcode: LOOKUP (1), nodeid: 1, insize: 51, pid: 3292
isfile: 1 is a dir
isfile: 264 is a file
getattr 0000000000000108 1
isfile: 264 is a file
getfile 0000000000000108
getfile 0000000000000108 -> sz 221
   getattr -> 221
   unique: 126, success, outsize: 144
unique: 127, opcode: UNLINK (10), nodeid: 1, insize: 51, pid: 3292
isfile: 1 is a dir
   unique: 127, success, outsize: 16
unique: 128, opcode: FORGET (2), nodeid: 264, insize: 48, pid: 0
unique: 129, opcode: LOOKUP (1), nodeid: 1, insize: 51, pid: 3293
isfile: 1 is a dir
   unique: 129, error: -2 (No such file or directory), outsize: 16
unique: 130, opcode: CREATE (35), nodeid: 1, insize: 67, pid: 3293
isfile: 1 is a dir
isfile: 264 is a file
getattr 0000000000000108 1
isfile: 264 is a file
getfile 0000000000000108
getfile 0000000000000108 -> sz 0
   getattr -> 0
   unique: 130, success, outsize: 160
OK: create returns.
unique: 131, opcode: SETATTR (4), nodeid: 264, insize: 128, pid: 3293
fuseserver_setattr 0x1b0
   fuseserver_setattr set size to 0
isfile: 264 is a file
getattr 0000000000000108 1
isfile: 264 is a file
getfile 0000000000000108
getfile 0000000000000108 -> sz 0
   getattr -> 0
   unique: 131, success, outsize: 120
unique: 132, opcode: REMOVEXATTR (24), nodeid: 264, insize: 53, pid: 3293
   unique: 132, error: -38 (Function not implemented), outsize: 16
unique: 133, opcode: RELEASE (18), nodeid: 264, insize: 64, pid: 0
   unique: 133, success, outsize: 16
unique: 134, opcode: LOOKUP (1), nodeid: 1, insize: 54, pid: 3294
isfile: 1 is a dir
isfile: 265 is a dir
getattr 0000000000000109 0
isfile: 265 is a dir
isfile: 265 is a dir
getsym 0000000000000109
getsim 0000000000000109 -> sz 10
   getattr -> 10   unique: 134, success, outsize: 144
unique: 135, opcode: READLINK (5), nodeid: 265, insize: 40, pid: 3294
   unique: 135, success, outsize: 26
unique: 136, opcode: LOOKUP (1), nodeid: 1, insize: 51, pid: 3294
isfile: 1 is a dir
isfile: 264 is a file
getattr 0000000000000108 1
isfile: 264 is a file
getfile 0000000000000108
getfile 0000000000000108 -> sz 0
   getattr -> 0
   unique: 136, success, outsize: 144
unique: 137, opcode: GETATTR (3), nodeid: 264, insize: 56, pid: 3294
isfile: 264 is a file
getattr 0000000000000108 1
isfile: 264 is a file
getfile 0000000000000108
getfile 0000000000000108 -> sz 0
   getattr -> 0
   unique: 137, success, outsize: 120
unique: 138, opcode: LOOKUP (1), nodeid: 1, insize: 51, pid: 3294
isfile: 1 is a dir
isfile: 264 is a file
getattr 0000000000000108 1
isfile: 264 is a file
getfile 0000000000000108
getfile 0000000000000108 -> sz 0
   getattr -> 0
   unique: 138, success, outsize: 144
unique: 139, opcode: GETATTR (3), nodeid: 264, insize: 56, pid: 3294
isfile: 264 is a file
getattr 0000000000000108 1
isfile: 264 is a file
getfile 0000000000000108
getfile 0000000000000108 -> sz 0
   getattr -> 0
   unique: 139, success, outsize: 120
unique: 140, opcode: LOOKUP (1), nodeid: 1, insize: 53, pid: 3329
isfile: 1 is a dir
   unique: 140, error: -2 (No such file or directory), outsize: 16
unique: 141, opcode: CREATE (35), nodeid: 1, insize: 69, pid: 3329
isfile: 1 is a dir
isfile: 266 is a file
getattr 000000000000010a 1
isfile: 266 is a file
getfile 000000000000010a
getfile 000000000000010a -> sz 0
   getattr -> 0
   unique: 141, success, outsize: 160
OK: create returns.
unique: 142, opcode: SETATTR (4), nodeid: 266, insize: 128, pid: 3329
fuseserver_setattr 0x8
   fuseserver_setattr set size to 3072
isfile: 266 is a file
getattr 000000000000010a 1
isfile: 266 is a file
getfile 000000000000010a
getfile 000000000000010a -> sz 3072
   getattr -> 3072
   unique: 142, success, outsize: 120
unique: 143, opcode: IOCTL (39), nodeid: 266, insize: 72, pid: 3329
   unique: 143, error: -38 (Function not implemented), outsize: 16
unique: 144, opcode: WRITE (16), nodeid: 266, insize: 1104, pid: 3329
   unique: 144, success, outsize: 24
unique: 145, opcode: WRITE (16), nodeid: 266, insize: 1104, pid: 3329
   unique: 145, success, outsize: 24
unique: 146, opcode: WRITE (16), nodeid: 266, insize: 1104, pid: 3329
   unique: 146, success, outsize: 24
unique: 147, opcode: WRITE (16), nodeid: 266, insize: 1104, pid: 3329
   unique: 147, success, outsize: 24
unique: 148, opcode: WRITE (16), nodeid: 266, insize: 1104, pid: 3329
   unique: 148, success, outsize: 24
unique: 149, opcode: WRITE (16), nodeid: 266, insize: 1104, pid: 3329
   unique: 149, success, outsize: 24
unique: 150, opcode: WRITE (16), nodeid: 266, insize: 1104, pid: 3329
   unique: 150, success, outsize: 24
unique: 151, opcode: WRITE (16), nodeid: 266, insize: 1104, pid: 3329
   unique: 151, success, outsize: 24
unique: 152, opcode: WRITE (16), nodeid: 266, insize: 1104, pid: 3329
   unique: 152, success, outsize: 24
unique: 153, opcode: WRITE (16), nodeid: 266, insize: 1104, pid: 3329
   unique: 153, success, outsize: 24
unique: 154, opcode: WRITE (16), nodeid: 266, insize: 1104, pid: 3329
   unique: 154, success, outsize: 24
unique: 155, opcode: WRITE (16), nodeid: 266, insize: 1104, pid: 3329
   unique: 155, success, outsize: 24
unique: 156, opcode: WRITE (16), nodeid: 266, insize: 1104, pid: 3329
   unique: 156, success, outsize: 24
unique: 157, opcode: WRITE (16), nodeid: 266, insize: 1104, pid: 3329
   unique: 157, success, outsize: 24
unique: 158, opcode: WRITE (16), nodeid: 266, insize: 1104, pid: 3329
   unique: 158, success, outsize: 24
unique: 159, opcode: WRITE (16), nodeid: 266, insize: 1104, pid: 3329
   unique: 159, success, outsize: 24
unique: 160, opcode: WRITE (16), nodeid: 266, insize: 1104, pid: 3329
   unique: 160, success, outsize: 24
unique: 161, opcode: WRITE (16), nodeid: 266, insize: 1104, pid: 3329
   unique: 161, success, outsize: 24
unique: 162, opcode: WRITE (16), nodeid: 266, insize: 1104, pid: 3329
   unique: 162, success, outsize: 24
unique: 163, opcode: WRITE (16), nodeid: 266, insize: 1104, pid: 3329
   unique: 163, success, outsize: 24
unique: 164, opcode: WRITE (16), nodeid: 266, insize: 1104, pid: 3329
   unique: 164, success, outsize: 24
unique: 165, opcode: WRITE (16), nodeid: 266, insize: 1104, pid: 3329
   unique: 165, success, outsize: 24
unique: 166, opcode: WRITE (16), nodeid: 266, insize: 1104, pid: 3329
   unique: 166, success, outsize: 24
unique: 167, opcode: WRITE (16), nodeid: 266, insize: 1104, pid: 3329
   unique: 167, success, outsize: 24
unique: 168, opcode: WRITE (16), nodeid: 266, insize: 1104, pid: 3329
   unique: 168, success, outsize: 24
unique: 169, opcode: WRITE (16), nodeid: 266, insize: 1104, pid: 3329
   unique: 169, success, outsize: 24
unique: 170, opcode: WRITE (16), nodeid: 266, insize: 1104, pid: 3329
   unique: 170, success, outsize: 24
unique: 171, opcode: WRITE (16), nodeid: 266, insize: 1104, pid: 3329
   unique: 171, success, outsize: 24
unique: 172, opcode: WRITE (16), nodeid: 266, insize: 1104, pid: 3329
   unique: 172, success, outsize: 24
unique: 173, opcode: WRITE (16), nodeid: 266, insize: 1104, pid: 3329
   unique: 173, success, outsize: 24
unique: 174, opcode: RELEASE (18), nodeid: 266, insize: 64, pid: 0
   unique: 174, success, outsize: 16
unique: 175, opcode: LOOKUP (1), nodeid: 1, insize: 53, pid: 3330
isfile: 1 is a dir
isfile: 266 is a file
getattr 000000000000010a 1
isfile: 266 is a file
getfile 000000000000010a
getfile 000000000000010a -> sz 33792
   getattr -> 33792
   unique: 175, success, outsize: 144
unique: 176, opcode: GETATTR (3), nodeid: 266, insize: 56, pid: 3330
isfile: 266 is a file
getattr 000000000000010a 1
isfile: 266 is a file
getfile 000000000000010a
getfile 000000000000010a -> sz 33792
   getattr -> 33792
   unique: 176, success, outsize: 120
unique: 177, opcode: LOOKUP (1), nodeid: 1, insize: 53, pid: 3330
isfile: 1 is a dir
isfile: 266 is a file
getattr 000000000000010a 1
isfile: 266 is a file
getfile 000000000000010a
getfile 000000000000010a -> sz 33792
   getattr -> 33792
   unique: 177, success, outsize: 144
unique: 178, opcode: OPEN (14), nodeid: 266, insize: 48, pid: 3330
   unique: 178, success, outsize: 32
unique: 179, opcode: READ (15), nodeid: 266, insize: 80, pid: 3330
   unique: 179, success, outsize: 16400
unique: 180, opcode: READ (15), nodeid: 266, insize: 80, pid: 3330
   unique: 180, success, outsize: 17424
unique: 181, opcode: GETATTR (3), nodeid: 266, insize: 56, pid: 3330
isfile: 266 is a file
getattr 000000000000010a 1
isfile: 266 is a file
getfile 000000000000010a
getfile 000000000000010a -> sz 33792
   getattr -> 33792
   unique: 181, success, outsize: 120
unique: 182, opcode: GETATTR (3), nodeid: 266, insize: 56, pid: 3330
isfile: 266 is a file
getattr 000000000000010a 1
isfile: 266 is a file
getfile 000000000000010a
getfile 000000000000010a -> sz 33792
   getattr -> 33792
   unique: 182, success, outsize: 120
unique: 183, opcode: RELEASE (18), nodeid: 266, insize: 64, pid: 0
   unique: 183, success, outsize: 16
unique: 184, opcode: LOOKUP (1), nodeid: 1, insize: 53, pid: 3331
isfile: 1 is a dir
isfile: 266 is a file
getattr 000000000000010a 1
isfile: 266 is a file
getfile 000000000000010a
getfile 000000000000010a -> sz 33792
   getattr -> 33792
   unique: 184, success, outsize: 144
unique: 185, opcode: GETATTR (3), nodeid: 266, insize: 56, pid: 3331
isfile: 266 is a file
getattr 000000000000010a 1
isfile: 266 is a file
getfile 000000000000010a
getfile 000000000000010a -> sz 33792
   getattr -> 33792
   unique: 185, success, outsize: 120
unique: 186, opcode: LOOKUP (1), nodeid: 1, insize: 53, pid: 3331
isfile: 1 is a dir
isfile: 266 is a file
getattr 000000000000010a 1
isfile: 266 is a file
getfile 000000000000010a
getfile 000000000000010a -> sz 33792
   getattr -> 33792
   unique: 186, success, outsize: 144
unique: 187, opcode: GETATTR (3), nodeid: 266, insize: 56, pid: 3331
isfile: 266 is a file
getattr 000000000000010a 1
isfile: 266 is a file
getfile 000000000000010a
getfile 000000000000010a -> sz 33792
   getattr -> 33792
   unique: 187, success, outsize: 120
unique: 188, opcode: LOOKUP (1), nodeid: 1, insize: 53, pid: 3331
isfile: 1 is a dir
isfile: 266 is a file
getattr 000000000000010a 1
isfile: 266 is a file
getfile 000000000000010a
getfile 000000000000010a -> sz 33792
   getattr -> 33792
   unique: 188, success, outsize: 144
unique: 189, opcode: LOOKUP (1), nodeid: 1, insize: 53, pid: 3331
isfile: 1 is a dir
isfile: 266 is a file
getattr 000000000000010a 1
isfile: 266 is a file
getfile 000000000000010a
getfile 000000000000010a -> sz 33792
   getattr -> 33792
   unique: 189, success, outsize: 144
unique: 190, opcode: UNLINK (10), nodeid: 1, insize: 53, pid: 3331
isfile: 1 is a dir
   unique: 190, success, outsize: 16
unique: 191, opcode: FORGET (2), nodeid: 266, insize: 48, pid: 0
unique: 192, opcode: LOOKUP (1), nodeid: 1, insize: 46, pid: 3349
isfile: 1 is a dir
isfile: 266 is a dir
getattr 000000000000010a 0
isfile: 266 is a dir
isfile: 266 is a dir
getdir 000000000000010a
   getattr -> 0 0 0
   unique: 192, success, outsize: 144
unique: 193, opcode: LOOKUP (1), nodeid: 1, insize: 46, pid: 3349
isfile: 1 is a dir
isfile: 266 is a dir
getattr 000000000000010a 0
isfile: 266 is a dir
isfile: 266 is a dir
getdir 000000000000010a
   getattr -> 1476971698 1476971698 1476971698
   unique: 193, success, outsize: 144
unique: 194, opcode: LOOKUP (1), nodeid: 266, insize: 43, pid: 3349
isfile: 266 is a dir
isfile: 267 is a file
getattr 000000000000010b 1
isfile: 267 is a file
getfile 000000000000010b
getfile 000000000000010b -> sz 3
   getattr -> 3
   unique: 194, success, outsize: 144
unique: 195, opcode: OPEN (14), nodeid: 267, insize: 48, pid: 3349
   unique: 195, success, outsize: 32
unique: 196, opcode: GETATTR (3), nodeid: 267, insize: 56, pid: 3349
isfile: 267 is a file
getattr 000000000000010b 1
isfile: 267 is a file
getfile 000000000000010b
getfile 000000000000010b -> sz 3
   getattr -> 3
   unique: 196, success, outsize: 120
unique: 197, opcode: READ (15), nodeid: 267, insize: 80, pid: 3349
   unique: 197, success, outsize: 19
unique: 198, opcode: RELEASE (18), nodeid: 267, insize: 64, pid: 0
   unique: 198, success, outsize: 16
unique: 199, opcode: LOOKUP (1), nodeid: 1, insize: 46, pid: 3349
isfile: 1 is a dir
isfile: 266 is a dir
getattr 000000000000010a 0
isfile: 266 is a dir
isfile: 266 is a dir
getdir 000000000000010a
   getattr -> 1476971698 1476971698 1476971698
   unique: 199, success, outsize: 144
unique: 200, opcode: LOOKUP (1), nodeid: 266, insize: 43, pid: 3349
isfile: 266 is a dir
isfile: 267 is a file
getattr 000000000000010b 1
isfile: 267 is a file
getfile 000000000000010b
getfile 000000000000010b -> sz 3
   getattr -> 3
   unique: 200, success, outsize: 144
unique: 201, opcode: UNLINK (10), nodeid: 266, insize: 43, pid: 3349
isfile: 266 is a dir
   unique: 201, success, outsize: 16
unique: 202, opcode: FORGET (2), nodeid: 267, insize: 48, pid: 0
unique: 203, opcode: LOOKUP (1), nodeid: 1, insize: 46, pid: 3349
isfile: 1 is a dir
isfile: 266 is a dir
getattr 000000000000010a 0
isfile: 266 is a dir
isfile: 266 is a dir
getdir 000000000000010a
   getattr -> 1476971701 1476971701 1476971701
   unique: 203, success, outsize: 144
unique: 204, opcode: LOOKUP (1), nodeid: 266, insize: 43, pid: 3349
isfile: 266 is a dir
   unique: 204, error: -2 (No such file or directory), outsize: 16
unique: 205, opcode: LOOKUP (1), nodeid: 1, insize: 46, pid: 3349
isfile: 1 is a dir
isfile: 266 is a dir
getattr 000000000000010a 0
isfile: 266 is a dir
isfile: 266 is a dir
getdir 000000000000010a
   getattr -> 1476971702 1476971702 1476971702
   unique: 205, success, outsize: 144
unique: 206, opcode: LOOKUP (1), nodeid: 266, insize: 43, pid: 3349
isfile: 266 is a dir
isfile: 267 is a file
getattr 000000000000010b 1
isfile: 267 is a file
getfile 000000000000010b
getfile 000000000000010b -> sz 3
   getattr -> 3
   unique: 206, success, outsize: 144
unique: 207, opcode: UNLINK (10), nodeid: 266, insize: 43, pid: 3349
isfile: 266 is a dir
   unique: 207, success, outsize: 16
unique: 208, opcode: FORGET (2), nodeid: 267, insize: 48, pid: 0
unique: 209, opcode: LOOKUP (1), nodeid: 1, insize: 46, pid: 3349
isfile: 1 is a dir
isfile: 266 is a dir
getattr 000000000000010a 0
isfile: 266 is a dir
isfile: 266 is a dir
getdir 000000000000010a
   getattr -> 1476971703 1476971703 1476971703
   unique: 209, success, outsize: 144
unique: 210, opcode: LOOKUP (1), nodeid: 266, insize: 43, pid: 3349
isfile: 266 is a dir
   unique: 210, error: -2 (No such file or directory), outsize: 16
unique: 211, opcode: LOOKUP (1), nodeid: 1, insize: 46, pid: 3349
isfile: 1 is a dir
isfile: 266 is a dir
getattr 000000000000010a 0
isfile: 266 is a dir
isfile: 266 is a dir
getdir 000000000000010a
   getattr -> 1476971704 1476971704 1476971704
   unique: 211, success, outsize: 144
unique: 212, opcode: LOOKUP (1), nodeid: 266, insize: 43, pid: 3349
isfile: 266 is a dir
isfile: 267 is a file
getattr 000000000000010b 1
isfile: 267 is a file
getfile 000000000000010b
getfile 000000000000010b -> sz 3
   getattr -> 3
   unique: 212, success, outsize: 144
unique: 213, opcode: OPEN (14), nodeid: 267, insize: 48, pid: 3349
   unique: 213, success, outsize: 32
unique: 214, opcode: GETATTR (3), nodeid: 267, insize: 56, pid: 3349
isfile: 267 is a file
getattr 000000000000010b 1
isfile: 267 is a file
getfile 000000000000010b
getfile 000000000000010b -> sz 3
   getattr -> 3
   unique: 214, success, outsize: 120
unique: 215, opcode: READ (15), nodeid: 267, insize: 80, pid: 3349
   unique: 215, success, outsize: 19
unique: 216, opcode: RELEASE (18), nodeid: 267, insize: 64, pid: 0
   unique: 216, success, outsize: 16
unique: 217, opcode: LOOKUP (1), nodeid: 1, insize: 46, pid: 3349
isfile: 1 is a dir
isfile: 266 is a dir
getattr 000000000000010a 0
isfile: 266 is a dir
isfile: 266 is a dir
getdir 000000000000010a
   getattr -> 1476971705 1476971705 1476971705
   unique: 217, success, outsize: 144
unique: 218, opcode: LOOKUP (1), nodeid: 266, insize: 44, pid: 3349
isfile: 266 is a dir
   unique: 218, error: -2 (No such file or directory), outsize: 16
unique: 219, opcode: CREATE (35), nodeid: 266, insize: 60, pid: 3349
isfile: 266 is a dir
isfile: 267 is a file
getattr 000000000000010b 1
isfile: 267 is a file
getfile 000000000000010b
getfile 000000000000010b -> sz 0
   getattr -> 0
   unique: 219, success, outsize: 160
OK: create returns.
unique: 220, opcode: WRITE (16), nodeid: 267, insize: 82, pid: 3349
   unique: 220, success, outsize: 24
unique: 221, opcode: RELEASE (18), nodeid: 267, insize: 64, pid: 0
   unique: 221, success, outsize: 16
unique: 222, opcode: LOOKUP (1), nodeid: 1, insize: 46, pid: 3349
isfile: 1 is a dir
isfile: 266 is a dir
getattr 000000000000010a 0
isfile: 266 is a dir
isfile: 266 is a dir
getdir 000000000000010a
   getattr -> 1476971706 1476971706 1476971706
   unique: 222, success, outsize: 144
unique: 223, opcode: LOOKUP (1), nodeid: 266, insize: 44, pid: 3349
isfile: 266 is a dir
isfile: 267 is a file
getattr 000000000000010b 1
isfile: 267 is a file
getfile 000000000000010b
getfile 000000000000010b -> sz 2
   getattr -> 2
   unique: 223, success, outsize: 144
unique: 224, opcode: UNLINK (10), nodeid: 266, insize: 44, pid: 3349
isfile: 266 is a dir
   unique: 224, success, outsize: 16
unique: 225, opcode: LOOKUP (1), nodeid: 1, insize: 46, pid: 3349
isfile: 1 is a dir
isfile: 266 is a dir
getattr 000000000000010a 0
isfile: 266 is a dir
isfile: 266 is a dir
getdir 000000000000010a
   getattr -> 1476971707 1476971707 1476971707
   unique: 225, success, outsize: 144
unique: 226, opcode: LOOKUP (1), nodeid: 266, insize: 43, pid: 3349
isfile: 266 is a dir
   unique: 226, error: -2 (No such file or directory), outsize: 16
unique: 227, opcode: LOOKUP (1), nodeid: 266, insize: 43, pid: 3349
isfile: 266 is a dir
   unique: 227, error: -2 (No such file or directory), outsize: 16
unique: 228, opcode: FORGET (2), nodeid: 267, insize: 48, pid: 0
unique: 229, opcode: LOOKUP (1), nodeid: 1, insize: 46, pid: 3349
isfile: 1 is a dir
isfile: 266 is a dir
getattr 000000000000010a 0
isfile: 266 is a dir
isfile: 266 is a dir
getdir 000000000000010a
   getattr -> 1476971707 1476971707 1476971707
   unique: 229, success, outsize: 144
unique: 230, opcode: LOOKUP (1), nodeid: 266, insize: 43, pid: 3349
isfile: 266 is a dir
   unique: 230, error: -2 (No such file or directory), outsize: 16
unique: 231, opcode: CREATE (35), nodeid: 266, insize: 59, pid: 3349
isfile: 266 is a dir
isfile: 267 is a file
getattr 000000000000010b 1
isfile: 267 is a file
getfile 000000000000010b
getfile 000000000000010b -> sz 0
   getattr -> 0
   unique: 231, success, outsize: 160
OK: create returns.
unique: 232, opcode: WRITE (16), nodeid: 267, insize: 83, pid: 3349
   unique: 232, success, outsize: 24
unique: 233, opcode: RELEASE (18), nodeid: 267, insize: 64, pid: 0
   unique: 233, success, outsize: 16
unique: 234, opcode: LOOKUP (1), nodeid: 1, insize: 46, pid: 3349
isfile: 1 is a dir
isfile: 266 is a dir
getattr 000000000000010a 0
isfile: 266 is a dir
isfile: 266 is a dir
getdir 000000000000010a
   getattr -> 1476971708 1476971708 1476971708
   unique: 234, success, outsize: 144
unique: 235, opcode: LOOKUP (1), nodeid: 266, insize: 43, pid: 3349
isfile: 266 is a dir
isfile: 267 is a file
getattr 000000000000010b 1
isfile: 267 is a file
getfile 000000000000010b
getfile 000000000000010b -> sz 6
   getattr -> 6
   unique: 235, success, outsize: 144
unique: 236, opcode: OPEN (14), nodeid: 267, insize: 48, pid: 3349
   unique: 236, success, outsize: 32
unique: 237, opcode: WRITE (16), nodeid: 267, insize: 83, pid: 3349
   unique: 237, success, outsize: 24
unique: 238, opcode: RELEASE (18), nodeid: 267, insize: 64, pid: 0
   unique: 238, success, outsize: 16
unique: 239, opcode: LOOKUP (1), nodeid: 1, insize: 46, pid: 3349
isfile: 1 is a dir
isfile: 266 is a dir
getattr 000000000000010a 0
isfile: 266 is a dir
isfile: 266 is a dir
getdir 000000000000010a
   getattr -> 1476971708 1476971708 1476971708
   unique: 239, success, outsize: 144
unique: 240, opcode: LOOKUP (1), nodeid: 266, insize: 43, pid: 3349
isfile: 266 is a dir
isfile: 267 is a file
getattr 000000000000010b 1
isfile: 267 is a file
getfile 000000000000010b
getfile 000000000000010b -> sz 9
   getattr -> 9
   unique: 240, success, outsize: 144
unique: 241, opcode: OPEN (14), nodeid: 267, insize: 48, pid: 3349
   unique: 241, success, outsize: 32
unique: 242, opcode: GETATTR (3), nodeid: 267, insize: 56, pid: 3349
isfile: 267 is a file
getattr 000000000000010b 1
isfile: 267 is a file
getfile 000000000000010b
getfile 000000000000010b -> sz 9
   getattr -> 9
   unique: 242, success, outsize: 120
unique: 243, opcode: READ (15), nodeid: 267, insize: 80, pid: 3349
   unique: 243, success, outsize: 25
unique: 244, opcode: RELEASE (18), nodeid: 267, insize: 64, pid: 0
   unique: 244, success, outsize: 16
unique: 245, opcode: LOOKUP (1), nodeid: 1, insize: 46, pid: 3349
isfile: 1 is a dir
isfile: 266 is a dir
getattr 000000000000010a 0
isfile: 266 is a dir
isfile: 266 is a dir
getdir 000000000000010a
   getattr -> 1476971708 1476971708 1476971708
   unique: 245, success, outsize: 144
unique: 246, opcode: OPENDIR (27), nodeid: 266, insize: 48, pid: 3349
   unique: 246, success, outsize: 32
unique: 247, opcode: READDIR (28), nodeid: 266, insize: 80, pid: 3349
fuseserver_readdir
isfile: 266 is a dir
isfile: 266 is a dir
   unique: 247, success, outsize: 48
unique: 248, opcode: READDIR (28), nodeid: 266, insize: 80, pid: 3349
fuseserver_readdir
isfile: 266 is a dir
isfile: 266 is a dir
   unique: 248, success, outsize: 16
unique: 249, opcode: RELEASEDIR (29), nodeid: 266, insize: 64, pid: 0
   unique: 249, success, outsize: 16
unique: 250, opcode: LOOKUP (1), nodeid: 1, insize: 46, pid: 3349
isfile: 1 is a dir
isfile: 266 is a dir
getattr 000000000000010a 0
isfile: 266 is a dir
isfile: 266 is a dir
getdir 000000000000010a
   getattr -> 1476971711 1476971711 1476971711
   unique: 250, success, outsize: 144
unique: 251, opcode: OPENDIR (27), nodeid: 266, insize: 48, pid: 3349
   unique: 251, success, outsize: 32
unique: 252, opcode: READDIR (28), nodeid: 266, insize: 80, pid: 3349
fuseserver_readdir
isfile: 266 is a dir
isfile: 266 is a dir
   unique: 252, success, outsize: 16
unique: 253, opcode: RELEASEDIR (29), nodeid: 266, insize: 64, pid: 0
   unique: 253, success, outsize: 16
unique: 254, opcode: LOOKUP (1), nodeid: 1, insize: 46, pid: 3349
isfile: 1 is a dir
isfile: 266 is a dir
getattr 000000000000010a 0
isfile: 266 is a dir
isfile: 266 is a dir
getdir 000000000000010a
   getattr -> 1476971711 1476971711 1476971711
   unique: 254, success, outsize: 144
unique: 255, opcode: LOOKUP (1), nodeid: 266, insize: 43, pid: 3349
isfile: 266 is a dir
   unique: 255, error: -2 (No such file or directory), outsize: 16
unique: 256, opcode: CREATE (35), nodeid: 266, insize: 59, pid: 3349
isfile: 266 is a dir
isfile: 267 is a file
getattr 000000000000010b 1
isfile: 267 is a file
getfile 000000000000010b
getfile 000000000000010b -> sz 0
   getattr -> 0
   unique: 256, success, outsize: 160
OK: create returns.
unique: 257, opcode: WRITE (16), nodeid: 267, insize: 83, pid: 3349
   unique: 257, success, outsize: 24
unique: 258, opcode: RELEASE (18), nodeid: 267, insize: 64, pid: 0
   unique: 258, success, outsize: 16
unique: 259, opcode: LOOKUP (1), nodeid: 1, insize: 46, pid: 3349
isfile: 1 is a dir
isfile: 266 is a dir
getattr 000000000000010a 0
isfile: 266 is a dir
isfile: 266 is a dir
getdir 000000000000010a
   getattr -> 1476971713 1476971713 1476971713
   unique: 259, success, outsize: 144
unique: 260, opcode: OPENDIR (27), nodeid: 266, insize: 48, pid: 3349
   unique: 260, success, outsize: 32
unique: 261, opcode: READDIR (28), nodeid: 266, insize: 80, pid: 3349
fuseserver_readdir
isfile: 266 is a dir
isfile: 266 is a dir
   unique: 261, success, outsize: 80
unique: 262, opcode: READDIR (28), nodeid: 266, insize: 80, pid: 3349
fuseserver_readdir
isfile: 266 is a dir
isfile: 266 is a dir
   unique: 262, success, outsize: 16
unique: 263, opcode: RELEASEDIR (29), nodeid: 266, insize: 64, pid: 0
   unique: 263, success, outsize: 16
unique: 264, opcode: LOOKUP (1), nodeid: 1, insize: 46, pid: 3349
isfile: 1 is a dir
isfile: 266 is a dir
getattr 000000000000010a 0
isfile: 266 is a dir
isfile: 266 is a dir
getdir 000000000000010a
   getattr -> 1476971713 1476971713 1476971713
   unique: 264, success, outsize: 144
unique: 265, opcode: LOOKUP (1), nodeid: 266, insize: 43, pid: 3349
isfile: 266 is a dir
isfile: 267 is a file
getattr 000000000000010b 1
isfile: 267 is a file
getfile 000000000000010b
getfile 000000000000010b -> sz 3
   getattr -> 3
   unique: 265, success, outsize: 144
unique: 266, opcode: UNLINK (10), nodeid: 266, insize: 43, pid: 3349
isfile: 266 is a dir
   unique: 266, success, outsize: 16
unique: 267, opcode: LOOKUP (1), nodeid: 1, insize: 46, pid: 3349
isfile: 1 is a dir
isfile: 266 is a dir
getattr 000000000000010a 0
isfile: 266 is a dir
isfile: 266 is a dir
getdir 000000000000010a
   getattr -> 1476971714 1476971714 1476971714
   unique: 267, success, outsize: 144
unique: 268, opcode: OPENDIR (27), nodeid: 266, insize: 48, pid: 3349
   unique: 268, success, outsize: 32
unique: 269, opcode: READDIR (28), nodeid: 266, insize: 80, pid: 3349
fuseserver_readdir
isfile: 266 is a dir
isfile: 266 is a dir
   unique: 269, success, outsize: 48
unique: 270, opcode: READDIR (28), nodeid: 266, insize: 80, pid: 3349
fuseserver_readdir
isfile: 266 is a dir
isfile: 266 is a dir
   unique: 270, success, outsize: 16
unique: 271, opcode: RELEASEDIR (29), nodeid: 266, insize: 64, pid: 0
   unique: 271, success, outsize: 16
unique: 272, opcode: LOOKUP (1), nodeid: 1, insize: 46, pid: 3349
isfile: 1 is a dir
isfile: 266 is a dir
getattr 000000000000010a 0
isfile: 266 is a dir
isfile: 266 is a dir
getdir 000000000000010a
   getattr -> 1476971714 1476971714 1476971714
   unique: 272, success, outsize: 144
unique: 273, opcode: LOOKUP (1), nodeid: 266, insize: 43, pid: 3349
isfile: 266 is a dir
isfile: 268 is a file
getattr 000000000000010c 1
isfile: 268 is a file
getfile 000000000000010c
getfile 000000000000010c -> sz 3
   getattr -> 3
   unique: 273, success, outsize: 144
unique: 274, opcode: UNLINK (10), nodeid: 266, insize: 43, pid: 3349
isfile: 266 is a dir
   unique: 274, success, outsize: 16
unique: 275, opcode: FORGET (2), nodeid: 268, insize: 48, pid: 0
unique: 276, opcode: LOOKUP (1), nodeid: 1, insize: 46, pid: 3349
isfile: 1 is a dir
isfile: 266 is a dir
getattr 000000000000010a 0
isfile: 266 is a dir
isfile: 266 is a dir
getdir 000000000000010a
   getattr -> 1476971715 1476971715 1476971715
   unique: 276, success, outsize: 144
unique: 277, opcode: OPENDIR (27), nodeid: 266, insize: 48, pid: 3349
   unique: 277, success, outsize: 32
unique: 278, opcode: READDIR (28), nodeid: 266, insize: 80, pid: 3349
fuseserver_readdir
isfile: 266 is a dir
isfile: 266 is a dir
   unique: 278, success, outsize: 16
unique: 279, opcode: RELEASEDIR (29), nodeid: 266, insize: 64, pid: 0
   unique: 279, success, outsize: 16
unique: 280, opcode: LOOKUP (1), nodeid: 1, insize: 46, pid: 3349
isfile: 1 is a dir
isfile: 266 is a dir
getattr 000000000000010a 0
isfile: 266 is a dir
isfile: 266 is a dir
getdir 000000000000010a
   getattr -> 1476971716 1476971716 1476971716
   unique: 280, success, outsize: 144
unique: 281, opcode: LOOKUP (1), nodeid: 266, insize: 45, pid: 3349
isfile: 266 is a dir
   unique: 281, error: -2 (No such file or directory), outsize: 16
unique: 282, opcode: CREATE (35), nodeid: 266, insize: 61, pid: 3349
isfile: 266 is a dir
isfile: 277 is a file
getattr 0000000000000115 1
isfile: 277 is a file
getfile 0000000000000115
getfile 0000000000000115 -> sz 0
   getattr -> 0
   unique: 282, success, outsize: 160
OK: create returns.
unique: 283, opcode: WRITE (16), nodeid: 277, insize: 84, pid: 3349
   unique: 283, success, outsize: 24
unique: 284, opcode: RELEASE (18), nodeid: 277, insize: 64, pid: 0
   unique: 284, success, outsize: 16
unique: 285, opcode: LOOKUP (1), nodeid: 1, insize: 46, pid: 3349
isfile: 1 is a dir
isfile: 266 is a dir
getattr 000000000000010a 0
isfile: 266 is a dir
isfile: 266 is a dir
getdir 000000000000010a
   getattr -> 1476971717 1476971717 1476971717
   unique: 285, success, outsize: 144
unique: 286, opcode: LOOKUP (1), nodeid: 266, insize: 45, pid: 3349
isfile: 266 is a dir
   unique: 286, error: -2 (No such file or directory), outsize: 16
unique: 287, opcode: CREATE (35), nodeid: 266, insize: 61, pid: 3349
isfile: 266 is a dir
isfile: 278 is a file
getattr 0000000000000116 1
isfile: 278 is a file
getfile 0000000000000116
getfile 0000000000000116 -> sz 0
   getattr -> 0
   unique: 287, success, outsize: 160
OK: create returns.
unique: 288, opcode: WRITE (16), nodeid: 278, insize: 84, pid: 3349
   unique: 288, success, outsize: 24
unique: 289, opcode: RELEASE (18), nodeid: 278, insize: 64, pid: 0
   unique: 289, success, outsize: 16
unique: 290, opcode: LOOKUP (1), nodeid: 1, insize: 46, pid: 3349
isfile: 1 is a dir
isfile: 266 is a dir
getattr 000000000000010a 0
isfile: 266 is a dir
isfile: 266 is a dir
getdir 000000000000010a
   getattr -> 1476971717 1476971717 1476971717
   unique: 290, success, outsize: 144
unique: 291, opcode: LOOKUP (1), nodeid: 266, insize: 45, pid: 3349
isfile: 266 is a dir
   unique: 291, error: -2 (No such file or directory), outsize: 16
unique: 292, opcode: CREATE (35), nodeid: 266, insize: 61, pid: 3349
isfile: 266 is a dir
isfile: 279 is a file
getattr 0000000000000117 1
isfile: 279 is a file
getfile 0000000000000117
getfile 0000000000000117 -> sz 0
   getattr -> 0
   unique: 292, success, outsize: 160
OK: create returns.
unique: 293, opcode: WRITE (16), nodeid: 279, insize: 84, pid: 3349
   unique: 293, success, outsize: 24
unique: 294, opcode: RELEASE (18), nodeid: 279, insize: 64, pid: 0
   unique: 294, success, outsize: 16
unique: 295, opcode: LOOKUP (1), nodeid: 1, insize: 46, pid: 3349
isfile: 1 is a dir
isfile: 266 is a dir
getattr 000000000000010a 0
isfile: 266 is a dir
isfile: 266 is a dir
getdir 000000000000010a
   getattr -> 1476971717 1476971717 1476971717
   unique: 295, success, outsize: 144
unique: 296, opcode: LOOKUP (1), nodeid: 266, insize: 45, pid: 3349
isfile: 266 is a dir
   unique: 296, error: -2 (No such file or directory), outsize: 16
unique: 297, opcode: CREATE (35), nodeid: 266, insize: 61, pid: 3349
isfile: 266 is a dir
isfile: 280 is a file
getattr 0000000000000118 1
isfile: 280 is a file
getfile 0000000000000118
getfile 0000000000000118 -> sz 0
   getattr -> 0
   unique: 297, success, outsize: 160
OK: create returns.
unique: 298, opcode: WRITE (16), nodeid: 280, insize: 84, pid: 3349
   unique: 298, success, outsize: 24
unique: 299, opcode: RELEASE (18), nodeid: 280, insize: 64, pid: 0
   unique: 299, success, outsize: 16
unique: 300, opcode: LOOKUP (1), nodeid: 1, insize: 46, pid: 3349
isfile: 1 is a dir
isfile: 266 is a dir
getattr 000000000000010a 0
isfile: 266 is a dir
isfile: 266 is a dir
getdir 000000000000010a
   getattr -> 1476971717 1476971717 1476971717
   unique: 300, success, outsize: 144
unique: 301, opcode: LOOKUP (1), nodeid: 266, insize: 45, pid: 3349
isfile: 266 is a dir
   unique: 301, error: -2 (No such file or directory), outsize: 16
unique: 302, opcode: CREATE (35), nodeid: 266, insize: 61, pid: 3349
isfile: 266 is a dir
isfile: 281 is a file
getattr 0000000000000119 1
isfile: 281 is a file
getfile 0000000000000119
getfile 0000000000000119 -> sz 0
   getattr -> 0
   unique: 302, success, outsize: 160
OK: create returns.
unique: 303, opcode: WRITE (16), nodeid: 281, insize: 84, pid: 3349
   unique: 303, success, outsize: 24
unique: 304, opcode: RELEASE (18), nodeid: 281, insize: 64, pid: 0
   unique: 304, success, outsize: 16
unique: 305, opcode: LOOKUP (1), nodeid: 1, insize: 46, pid: 3349
isfile: 1 is a dir
isfile: 266 is a dir
getattr 000000000000010a 0
isfile: 266 is a dir
isfile: 266 is a dir
getdir 000000000000010a
   getattr -> 1476971717 1476971717 1476971717
   unique: 305, success, outsize: 144
unique: 306, opcode: LOOKUP (1), nodeid: 266, insize: 45, pid: 3349
isfile: 266 is a dir
   unique: 306, error: -2 (No such file or directory), outsize: 16
unique: 307, opcode: CREATE (35), nodeid: 266, insize: 61, pid: 3349
isfile: 266 is a dir
isfile: 282 is a file
getattr 000000000000011a 1
isfile: 282 is a file
getfile 000000000000011a
getfile 000000000000011a -> sz 0
   getattr -> 0
   unique: 307, success, outsize: 160
OK: create returns.
unique: 308, opcode: WRITE (16), nodeid: 282, insize: 84, pid: 3349
   unique: 308, success, outsize: 24
unique: 309, opcode: RELEASE (18), nodeid: 282, insize: 64, pid: 0
   unique: 309, success, outsize: 16
unique: 310, opcode: LOOKUP (1), nodeid: 1, insize: 46, pid: 3349
isfile: 1 is a dir
isfile: 266 is a dir
getattr 000000000000010a 0
isfile: 266 is a dir
isfile: 266 is a dir
getdir 000000000000010a
   getattr -> 1476971717 1476971717 1476971717
   unique: 310, success, outsize: 144
unique: 311, opcode: LOOKUP (1), nodeid: 266, insize: 45, pid: 3349
isfile: 266 is a dir
   unique: 311, error: -2 (No such file or directory), outsize: 16
unique: 312, opcode: CREATE (35), nodeid: 266, insize: 61, pid: 3349
isfile: 266 is a dir
isfile: 283 is a file
getattr 000000000000011b 1
isfile: 283 is a file
getfile 000000000000011b
getfile 000000000000011b -> sz 0
   getattr -> 0
   unique: 312, success, outsize: 160
OK: create returns.
unique: 313, opcode: WRITE (16), nodeid: 283, insize: 84, pid: 3349
   unique: 313, success, outsize: 24
unique: 314, opcode: RELEASE (18), nodeid: 283, insize: 64, pid: 0
   unique: 314, success, outsize: 16
unique: 315, opcode: LOOKUP (1), nodeid: 1, insize: 46, pid: 3349
isfile: 1 is a dir
isfile: 266 is a dir
getattr 000000000000010a 0
isfile: 266 is a dir
isfile: 266 is a dir
getdir 000000000000010a
   getattr -> 1476971717 1476971717 1476971717
   unique: 315, success, outsize: 144
unique: 316, opcode: LOOKUP (1), nodeid: 266, insize: 45, pid: 3349
isfile: 266 is a dir
   unique: 316, error: -2 (No such file or directory), outsize: 16
unique: 317, opcode: CREATE (35), nodeid: 266, insize: 61, pid: 3349
isfile: 266 is a dir
isfile: 284 is a file
getattr 000000000000011c 1
isfile: 284 is a file
getfile 000000000000011c
getfile 000000000000011c -> sz 0
   getattr -> 0
   unique: 317, success, outsize: 160
OK: create returns.
unique: 318, opcode: WRITE (16), nodeid: 284, insize: 84, pid: 3349
   unique: 318, success, outsize: 24
unique: 319, opcode: RELEASE (18), nodeid: 284, insize: 64, pid: 0
   unique: 319, success, outsize: 16
unique: 320, opcode: LOOKUP (1), nodeid: 1, insize: 46, pid: 3349
isfile: 1 is a dir
isfile: 266 is a dir
getattr 000000000000010a 0
isfile: 266 is a dir
isfile: 266 is a dir
getdir 000000000000010a
   getattr -> 1476971717 1476971717 1476971717
   unique: 320, success, outsize: 144
unique: 321, opcode: LOOKUP (1), nodeid: 266, insize: 45, pid: 3349
isfile: 266 is a dir
   unique: 321, error: -2 (No such file or directory), outsize: 16
unique: 322, opcode: CREATE (35), nodeid: 266, insize: 61, pid: 3349
isfile: 266 is a dir
isfile: 285 is a file
getattr 000000000000011d 1
isfile: 285 is a file
getfile 000000000000011d
getfile 000000000000011d -> sz 0
   getattr -> 0
   unique: 322, success, outsize: 160
OK: create returns.
unique: 323, opcode: WRITE (16), nodeid: 285, insize: 84, pid: 3349
   unique: 323, success, outsize: 24
unique: 324, opcode: RELEASE (18), nodeid: 285, insize: 64, pid: 0
   unique: 324, success, outsize: 16
unique: 325, opcode: LOOKUP (1), nodeid: 1, insize: 46, pid: 3349
isfile: 1 is a dir
isfile: 266 is a dir
getattr 000000000000010a 0
isfile: 266 is a dir
isfile: 266 is a dir
getdir 000000000000010a
   getattr -> 1476971717 1476971717 1476971717
   unique: 325, success, outsize: 144
unique: 326, opcode: LOOKUP (1), nodeid: 266, insize: 45, pid: 3349
isfile: 266 is a dir
   unique: 326, error: -2 (No such file or directory), outsize: 16
unique: 327, opcode: CREATE (35), nodeid: 266, insize: 61, pid: 3349
isfile: 266 is a dir
isfile: 286 is a file
getattr 000000000000011e 1
isfile: 286 is a file
getfile 000000000000011e
getfile 000000000000011e -> sz 0
   getattr -> 0
   unique: 327, success, outsize: 160
OK: create returns.
unique: 328, opcode: WRITE (16), nodeid: 286, insize: 84, pid: 3349
   unique: 328, success, outsize: 24
unique: 329, opcode: RELEASE (18), nodeid: 286, insize: 64, pid: 0
   unique: 329, success, outsize: 16
unique: 330, opcode: LOOKUP (1), nodeid: 1, insize: 46, pid: 3349
isfile: 1 is a dir
isfile: 266 is a dir
getattr 000000000000010a 0
isfile: 266 is a dir
isfile: 266 is a dir
getdir 000000000000010a
   getattr -> 1476971717 1476971717 1476971717
   unique: 330, success, outsize: 144
unique: 331, opcode: OPENDIR (27), nodeid: 266, insize: 48, pid: 3349
   unique: 331, success, outsize: 32
unique: 332, opcode: READDIR (28), nodeid: 266, insize: 80, pid: 3349
fuseserver_readdir
isfile: 266 is a dir
isfile: 266 is a dir
   unique: 332, success, outsize: 656
unique: 333, opcode: READDIR (28), nodeid: 266, insize: 80, pid: 3349
fuseserver_readdir
isfile: 266 is a dir
isfile: 266 is a dir
   unique: 333, success, outsize: 16
unique: 334, opcode: RELEASEDIR (29), nodeid: 266, insize: 64, pid: 0
   unique: 334, success, outsize: 16
unique: 335, opcode: LOOKUP (1), nodeid: 1, insize: 46, pid: 3349
isfile: 1 is a dir
isfile: 266 is a dir
getattr 000000000000010a 0
isfile: 266 is a dir
isfile: 266 is a dir
getdir 000000000000010a
   getattr -> 1476971717 1476971717 1476971717
   unique: 335, success, outsize: 144
unique: 336, opcode: LOOKUP (1), nodeid: 266, insize: 45, pid: 3349
isfile: 266 is a dir
isfile: 277 is a file
getattr 0000000000000115 1
isfile: 277 is a file
getfile 0000000000000115
getfile 0000000000000115 -> sz 4
   getattr -> 4
   unique: 336, success, outsize: 144
unique: 337, opcode: OPEN (14), nodeid: 277, insize: 48, pid: 3349
   unique: 337, success, outsize: 32
unique: 338, opcode: READ (15), nodeid: 277, insize: 80, pid: 3349
   unique: 338, success, outsize: 20
unique: 339, opcode: RELEASE (18), nodeid: 277, insize: 64, pid: 0
   unique: 339, success, outsize: 16
unique: 340, opcode: LOOKUP (1), nodeid: 1, insize: 46, pid: 3349
isfile: 1 is a dir
isfile: 266 is a dir
getattr 000000000000010a 0
isfile: 266 is a dir
isfile: 266 is a dir
getdir 000000000000010a
   getattr -> 1476971717 1476971717 1476971717
   unique: 340, success, outsize: 144
unique: 341, opcode: LOOKUP (1), nodeid: 266, insize: 45, pid: 3349
isfile: 266 is a dir
isfile: 278 is a file
getattr 0000000000000116 1
isfile: 278 is a file
getfile 0000000000000116
getfile 0000000000000116 -> sz 4
   getattr -> 4
   unique: 341, success, outsize: 144
unique: 342, opcode: OPEN (14), nodeid: 278, insize: 48, pid: 3349
   unique: 342, success, outsize: 32
unique: 343, opcode: READ (15), nodeid: 278, insize: 80, pid: 3349
   unique: 343, success, outsize: 20
unique: 344, opcode: RELEASE (18), nodeid: 278, insize: 64, pid: 0
   unique: 344, success, outsize: 16
unique: 345, opcode: LOOKUP (1), nodeid: 1, insize: 46, pid: 3349
isfile: 1 is a dir
isfile: 266 is a dir
getattr 000000000000010a 0
isfile: 266 is a dir
isfile: 266 is a dir
getdir 000000000000010a
   getattr -> 1476971717 1476971717 1476971717
   unique: 345, success, outsize: 144
unique: 346, opcode: LOOKUP (1), nodeid: 266, insize: 45, pid: 3349
isfile: 266 is a dir
isfile: 279 is a file
getattr 0000000000000117 1
isfile: 279 is a file
getfile 0000000000000117
getfile 0000000000000117 -> sz 4
   getattr -> 4
   unique: 346, success, outsize: 144
unique: 347, opcode: OPEN (14), nodeid: 279, insize: 48, pid: 3349
   unique: 347, success, outsize: 32
unique: 348, opcode: READ (15), nodeid: 279, insize: 80, pid: 3349
   unique: 348, success, outsize: 20
unique: 349, opcode: RELEASE (18), nodeid: 279, insize: 64, pid: 0
   unique: 349, success, outsize: 16
unique: 350, opcode: LOOKUP (1), nodeid: 1, insize: 46, pid: 3349
isfile: 1 is a dir
isfile: 266 is a dir
getattr 000000000000010a 0
isfile: 266 is a dir
isfile: 266 is a dir
getdir 000000000000010a
   getattr -> 1476971717 1476971717 1476971717
   unique: 350, success, outsize: 144
unique: 351, opcode: LOOKUP (1), nodeid: 266, insize: 45, pid: 3349
isfile: 266 is a dir
isfile: 280 is a file
getattr 0000000000000118 1
isfile: 280 is a file
getfile 0000000000000118
getfile 0000000000000118 -> sz 4
   getattr -> 4
   unique: 351, success, outsize: 144
unique: 352, opcode: OPEN (14), nodeid: 280, insize: 48, pid: 3349
   unique: 352, success, outsize: 32
unique: 353, opcode: READ (15), nodeid: 280, insize: 80, pid: 3349
   unique: 353, success, outsize: 20
unique: 354, opcode: RELEASE (18), nodeid: 280, insize: 64, pid: 0
   unique: 354, success, outsize: 16
unique: 355, opcode: LOOKUP (1), nodeid: 1, insize: 46, pid: 3349
isfile: 1 is a dir
isfile: 266 is a dir
getattr 000000000000010a 0
isfile: 266 is a dir
isfile: 266 is a dir
getdir 000000000000010a
   getattr -> 1476971717 1476971717 1476971717
   unique: 355, success, outsize: 144
unique: 356, opcode: LOOKUP (1), nodeid: 266, insize: 45, pid: 3349
isfile: 266 is a dir
isfile: 281 is a file
getattr 0000000000000119 1
isfile: 281 is a file
getfile 0000000000000119
getfile 0000000000000119 -> sz 4
   getattr -> 4
   unique: 356, success, outsize: 144
unique: 357, opcode: OPEN (14), nodeid: 281, insize: 48, pid: 3349
   unique: 357, success, outsize: 32
unique: 358, opcode: READ (15), nodeid: 281, insize: 80, pid: 3349
   unique: 358, success, outsize: 20
unique: 359, opcode: RELEASE (18), nodeid: 281, insize: 64, pid: 0
   unique: 359, success, outsize: 16
unique: 360, opcode: LOOKUP (1), nodeid: 1, insize: 46, pid: 3349
isfile: 1 is a dir
isfile: 266 is a dir
getattr 000000000000010a 0
isfile: 266 is a dir
isfile: 266 is a dir
getdir 000000000000010a
   getattr -> 1476971717 1476971717 1476971717
   unique: 360, success, outsize: 144
unique: 361, opcode: LOOKUP (1), nodeid: 266, insize: 45, pid: 3349
isfile: 266 is a dir
isfile: 282 is a file
getattr 000000000000011a 1
isfile: 282 is a file
getfile 000000000000011a
getfile 000000000000011a -> sz 4
   getattr -> 4
   unique: 361, success, outsize: 144
unique: 362, opcode: OPEN (14), nodeid: 282, insize: 48, pid: 3349
   unique: 362, success, outsize: 32
unique: 363, opcode: READ (15), nodeid: 282, insize: 80, pid: 3349
   unique: 363, success, outsize: 20
unique: 364, opcode: RELEASE (18), nodeid: 282, insize: 64, pid: 0
   unique: 364, success, outsize: 16
unique: 365, opcode: LOOKUP (1), nodeid: 1, insize: 46, pid: 3349
isfile: 1 is a dir
isfile: 266 is a dir
getattr 000000000000010a 0
isfile: 266 is a dir
isfile: 266 is a dir
getdir 000000000000010a
   getattr -> 1476971717 1476971717 1476971717
   unique: 365, success, outsize: 144
unique: 366, opcode: LOOKUP (1), nodeid: 266, insize: 45, pid: 3349
isfile: 266 is a dir
isfile: 283 is a file
getattr 000000000000011b 1
isfile: 283 is a file
getfile 000000000000011b
getfile 000000000000011b -> sz 4
   getattr -> 4
   unique: 366, success, outsize: 144
unique: 367, opcode: OPEN (14), nodeid: 283, insize: 48, pid: 3349
   unique: 367, success, outsize: 32
unique: 368, opcode: READ (15), nodeid: 283, insize: 80, pid: 3349
   unique: 368, success, outsize: 20
unique: 369, opcode: RELEASE (18), nodeid: 283, insize: 64, pid: 0
   unique: 369, success, outsize: 16
unique: 370, opcode: LOOKUP (1), nodeid: 1, insize: 46, pid: 3349
isfile: 1 is a dir
isfile: 266 is a dir
getattr 000000000000010a 0
isfile: 266 is a dir
isfile: 266 is a dir
getdir 000000000000010a
   getattr -> 1476971717 1476971717 1476971717
   unique: 370, success, outsize: 144
unique: 371, opcode: LOOKUP (1), nodeid: 266, insize: 45, pid: 3349
isfile: 266 is a dir
isfile: 284 is a file
getattr 000000000000011c 1
isfile: 284 is a file
getfile 000000000000011c
getfile 000000000000011c -> sz 4
   getattr -> 4
   unique: 371, success, outsize: 144
unique: 372, opcode: OPEN (14), nodeid: 284, insize: 48, pid: 3349
   unique: 372, success, outsize: 32
unique: 373, opcode: READ (15), nodeid: 284, insize: 80, pid: 3349
   unique: 373, success, outsize: 20
unique: 374, opcode: RELEASE (18), nodeid: 284, insize: 64, pid: 0
   unique: 374, success, outsize: 16
unique: 375, opcode: LOOKUP (1), nodeid: 1, insize: 46, pid: 3349
isfile: 1 is a dir
isfile: 266 is a dir
getattr 000000000000010a 0
isfile: 266 is a dir
isfile: 266 is a dir
getdir 000000000000010a
   getattr -> 1476971717 1476971717 1476971717
   unique: 375, success, outsize: 144
unique: 376, opcode: LOOKUP (1), nodeid: 266, insize: 45, pid: 3349
isfile: 266 is a dir
isfile: 285 is a file
getattr 000000000000011d 1
isfile: 285 is a file
getfile 000000000000011d
getfile 000000000000011d -> sz 4
   getattr -> 4
   unique: 376, success, outsize: 144
unique: 377, opcode: OPEN (14), nodeid: 285, insize: 48, pid: 3349
   unique: 377, success, outsize: 32
unique: 378, opcode: READ (15), nodeid: 285, insize: 80, pid: 3349
   unique: 378, success, outsize: 20
unique: 379, opcode: RELEASE (18), nodeid: 285, insize: 64, pid: 0
   unique: 379, success, outsize: 16
unique: 380, opcode: LOOKUP (1), nodeid: 1, insize: 46, pid: 3349
isfile: 1 is a dir
isfile: 266 is a dir
getattr 000000000000010a 0
isfile: 266 is a dir
isfile: 266 is a dir
getdir 000000000000010a
   getattr -> 1476971717 1476971717 1476971717
   unique: 380, success, outsize: 144
unique: 381, opcode: LOOKUP (1), nodeid: 266, insize: 45, pid: 3349
isfile: 266 is a dir
isfile: 286 is a file
getattr 000000000000011e 1
isfile: 286 is a file
getfile 000000000000011e
getfile 000000000000011e -> sz 4
   getattr -> 4
   unique: 381, success, outsize: 144
unique: 382, opcode: OPEN (14), nodeid: 286, insize: 48, pid: 3349
   unique: 382, success, outsize: 32
unique: 383, opcode: READ (15), nodeid: 286, insize: 80, pid: 3349
   unique: 383, success, outsize: 20
unique: 384, opcode: RELEASE (18), nodeid: 286, insize: 64, pid: 0
   unique: 384, success, outsize: 16
unique: 385, opcode: LOOKUP (1), nodeid: 1, insize: 46, pid: 3349
isfile: 1 is a dir
isfile: 266 is a dir
getattr 000000000000010a 0
isfile: 266 is a dir
isfile: 266 is a dir
getdir 000000000000010a
   getattr -> 1476971717 1476971717 1476971717
   unique: 385, success, outsize: 144
unique: 386, opcode: LOOKUP (1), nodeid: 266, insize: 45, pid: 3349
isfile: 266 is a dir
isfile: 267 is a file
getattr 000000000000010b 1
isfile: 267 is a file
getfile 000000000000010b
getfile 000000000000010b -> sz 4
   getattr -> 4
   unique: 386, success, outsize: 144
unique: 387, opcode: OPEN (14), nodeid: 267, insize: 48, pid: 3349
   unique: 387, success, outsize: 32
unique: 388, opcode: READ (15), nodeid: 267, insize: 80, pid: 3349
   unique: 388, success, outsize: 20
unique: 389, opcode: RELEASE (18), nodeid: 267, insize: 64, pid: 0
   unique: 389, success, outsize: 16
unique: 390, opcode: LOOKUP (1), nodeid: 1, insize: 46, pid: 3349
isfile: 1 is a dir
isfile: 266 is a dir
getattr 000000000000010a 0
isfile: 266 is a dir
isfile: 266 is a dir
getdir 000000000000010a
   getattr -> 1476971717 1476971717 1476971717
   unique: 390, success, outsize: 144
unique: 391, opcode: LOOKUP (1), nodeid: 266, insize: 45, pid: 3349
isfile: 266 is a dir
isfile: 268 is a file
getattr 000000000000010c 1
isfile: 268 is a file
getfile 000000000000010c
getfile 000000000000010c -> sz 4
   getattr -> 4
   unique: 391, success, outsize: 144
unique: 392, opcode: OPEN (14), nodeid: 268, insize: 48, pid: 3349
   unique: 392, success, outsize: 32
unique: 393, opcode: READ (15), nodeid: 268, insize: 80, pid: 3349
   unique: 393, success, outsize: 20
unique: 394, opcode: RELEASE (18), nodeid: 268, insize: 64, pid: 0
   unique: 394, success, outsize: 16
unique: 395, opcode: LOOKUP (1), nodeid: 1, insize: 46, pid: 3349
isfile: 1 is a dir
isfile: 266 is a dir
getattr 000000000000010a 0
isfile: 266 is a dir
isfile: 266 is a dir
getdir 000000000000010a
   getattr -> 1476971717 1476971717 1476971717
   unique: 395, success, outsize: 144
unique: 396, opcode: LOOKUP (1), nodeid: 266, insize: 45, pid: 3349
isfile: 266 is a dir
isfile: 269 is a file
getattr 000000000000010d 1
isfile: 269 is a file
getfile 000000000000010d
getfile 000000000000010d -> sz 4
   getattr -> 4
   unique: 396, success, outsize: 144
unique: 397, opcode: OPEN (14), nodeid: 269, insize: 48, pid: 3349
   unique: 397, success, outsize: 32
unique: 398, opcode: READ (15), nodeid: 269, insize: 80, pid: 3349
   unique: 398, success, outsize: 20
unique: 399, opcode: RELEASE (18), nodeid: 269, insize: 64, pid: 0
   unique: 399, success, outsize: 16
unique: 400, opcode: LOOKUP (1), nodeid: 1, insize: 46, pid: 3349
isfile: 1 is a dir
isfile: 266 is a dir
getattr 000000000000010a 0
isfile: 266 is a dir
isfile: 266 is a dir
getdir 000000000000010a
   getattr -> 1476971717 1476971717 1476971717
   unique: 400, success, outsize: 144
unique: 401, opcode: LOOKUP (1), nodeid: 266, insize: 45, pid: 3349
isfile: 266 is a dir
isfile: 270 is a file
getattr 000000000000010e 1
isfile: 270 is a file
getfile 000000000000010e
getfile 000000000000010e -> sz 4
   getattr -> 4
   unique: 401, success, outsize: 144
unique: 402, opcode: OPEN (14), nodeid: 270, insize: 48, pid: 3349
   unique: 402, success, outsize: 32
unique: 403, opcode: READ (15), nodeid: 270, insize: 80, pid: 3349
   unique: 403, success, outsize: 20
unique: 404, opcode: RELEASE (18), nodeid: 270, insize: 64, pid: 0
   unique: 404, success, outsize: 16
unique: 405, opcode: LOOKUP (1), nodeid: 1, insize: 46, pid: 3349
isfile: 1 is a dir
isfile: 266 is a dir
getattr 000000000000010a 0
isfile: 266 is a dir
isfile: 266 is a dir
getdir 000000000000010a
   getattr -> 1476971717 1476971717 1476971717
   unique: 405, success, outsize: 144
unique: 406, opcode: LOOKUP (1), nodeid: 266, insize: 45, pid: 3349
isfile: 266 is a dir
isfile: 271 is a file
getattr 000000000000010f 1
isfile: 271 is a file
getfile 000000000000010f
getfile 000000000000010f -> sz 4
   getattr -> 4
   unique: 406, success, outsize: 144
unique: 407, opcode: OPEN (14), nodeid: 271, insize: 48, pid: 3349
   unique: 407, success, outsize: 32
unique: 408, opcode: READ (15), nodeid: 271, insize: 80, pid: 3349
   unique: 408, success, outsize: 20
unique: 409, opcode: RELEASE (18), nodeid: 271, insize: 64, pid: 0
   unique: 409, success, outsize: 16
unique: 410, opcode: LOOKUP (1), nodeid: 1, insize: 46, pid: 3349
isfile: 1 is a dir
isfile: 266 is a dir
getattr 000000000000010a 0
isfile: 266 is a dir
isfile: 266 is a dir
getdir 000000000000010a
   getattr -> 1476971717 1476971717 1476971717
   unique: 410, success, outsize: 144
unique: 411, opcode: LOOKUP (1), nodeid: 266, insize: 45, pid: 3349
isfile: 266 is a dir
isfile: 272 is a file
getattr 0000000000000110 1
isfile: 272 is a file
getfile 0000000000000110
getfile 0000000000000110 -> sz 4
   getattr -> 4
   unique: 411, success, outsize: 144
unique: 412, opcode: OPEN (14), nodeid: 272, insize: 48, pid: 3349
   unique: 412, success, outsize: 32
unique: 413, opcode: READ (15), nodeid: 272, insize: 80, pid: 3349
   unique: 413, success, outsize: 20
unique: 414, opcode: RELEASE (18), nodeid: 272, insize: 64, pid: 0
   unique: 414, success, outsize: 16
unique: 415, opcode: LOOKUP (1), nodeid: 1, insize: 46, pid: 3349
isfile: 1 is a dir
isfile: 266 is a dir
getattr 000000000000010a 0
isfile: 266 is a dir
isfile: 266 is a dir
getdir 000000000000010a
   getattr -> 1476971717 1476971717 1476971717
   unique: 415, success, outsize: 144
unique: 416, opcode: LOOKUP (1), nodeid: 266, insize: 45, pid: 3349
isfile: 266 is a dir
isfile: 273 is a file
getattr 0000000000000111 1
isfile: 273 is a file
getfile 0000000000000111
getfile 0000000000000111 -> sz 4
   getattr -> 4
   unique: 416, success, outsize: 144
unique: 417, opcode: OPEN (14), nodeid: 273, insize: 48, pid: 3349
   unique: 417, success, outsize: 32
unique: 418, opcode: READ (15), nodeid: 273, insize: 80, pid: 3349
   unique: 418, success, outsize: 20
unique: 419, opcode: RELEASE (18), nodeid: 273, insize: 64, pid: 0
   unique: 419, success, outsize: 16
unique: 420, opcode: LOOKUP (1), nodeid: 1, insize: 46, pid: 3349
isfile: 1 is a dir
isfile: 266 is a dir
getattr 000000000000010a 0
isfile: 266 is a dir
isfile: 266 is a dir
getdir 000000000000010a
   getattr -> 1476971717 1476971717 1476971717
   unique: 420, success, outsize: 144
unique: 421, opcode: LOOKUP (1), nodeid: 266, insize: 45, pid: 3349
isfile: 266 is a dir
isfile: 274 is a file
getattr 0000000000000112 1
isfile: 274 is a file
getfile 0000000000000112
getfile 0000000000000112 -> sz 4
   getattr -> 4
   unique: 421, success, outsize: 144
unique: 422, opcode: OPEN (14), nodeid: 274, insize: 48, pid: 3349
   unique: 422, success, outsize: 32
unique: 423, opcode: READ (15), nodeid: 274, insize: 80, pid: 3349
   unique: 423, success, outsize: 20
unique: 424, opcode: RELEASE (18), nodeid: 274, insize: 64, pid: 0
   unique: 424, success, outsize: 16
unique: 425, opcode: LOOKUP (1), nodeid: 1, insize: 46, pid: 3349
isfile: 1 is a dir
isfile: 266 is a dir
getattr 000000000000010a 0
isfile: 266 is a dir
isfile: 266 is a dir
getdir 000000000000010a
   getattr -> 1476971717 1476971717 1476971717
   unique: 425, success, outsize: 144
unique: 426, opcode: LOOKUP (1), nodeid: 266, insize: 45, pid: 3349
isfile: 266 is a dir
isfile: 275 is a file
getattr 0000000000000113 1
isfile: 275 is a file
getfile 0000000000000113
getfile 0000000000000113 -> sz 4
   getattr -> 4
   unique: 426, success, outsize: 144
unique: 427, opcode: OPEN (14), nodeid: 275, insize: 48, pid: 3349
   unique: 427, success, outsize: 32
unique: 428, opcode: READ (15), nodeid: 275, insize: 80, pid: 3349
   unique: 428, success, outsize: 20
unique: 429, opcode: RELEASE (18), nodeid: 275, insize: 64, pid: 0
   unique: 429, success, outsize: 16
unique: 430, opcode: LOOKUP (1), nodeid: 1, insize: 46, pid: 3349
isfile: 1 is a dir
isfile: 266 is a dir
getattr 000000000000010a 0
isfile: 266 is a dir
isfile: 266 is a dir
getdir 000000000000010a
   getattr -> 1476971717 1476971717 1476971717
   unique: 430, success, outsize: 144
unique: 431, opcode: LOOKUP (1), nodeid: 266, insize: 45, pid: 3349
isfile: 266 is a dir
isfile: 276 is a file
getattr 0000000000000114 1
isfile: 276 is a file
getfile 0000000000000114
getfile 0000000000000114 -> sz 4
   getattr -> 4
   unique: 431, success, outsize: 144
unique: 432, opcode: OPEN (14), nodeid: 276, insize: 48, pid: 3349
   unique: 432, success, outsize: 32
unique: 433, opcode: READ (15), nodeid: 276, insize: 80, pid: 3349
   unique: 433, success, outsize: 20
unique: 434, opcode: RELEASE (18), nodeid: 276, insize: 64, pid: 0
   unique: 434, success, outsize: 16
unique: 435, opcode: LOOKUP (1), nodeid: 1, insize: 46, pid: 3349
isfile: 1 is a dir
isfile: 266 is a dir
getattr 000000000000010a 0
isfile: 266 is a dir
isfile: 266 is a dir
getdir 000000000000010a
   getattr -> 1476971718 1476971718 1476971718
   unique: 435, success, outsize: 144
unique: 436, opcode: LOOKUP (1), nodeid: 266, insize: 45, pid: 3349
isfile: 266 is a dir
isfile: 277 is a file
getattr 0000000000000115 1
isfile: 277 is a file
getfile 0000000000000115
getfile 0000000000000115 -> sz 4
   getattr -> 4
   unique: 436, success, outsize: 144
unique: 437, opcode: UNLINK (10), nodeid: 266, insize: 45, pid: 3349
isfile: 266 is a dir
   unique: 437, success, outsize: 16
unique: 438, opcode: LOOKUP (1), nodeid: 1, insize: 46, pid: 3349
isfile: 1 is a dir
isfile: 266 is a dir
getattr 000000000000010a 0
isfile: 266 is a dir
isfile: 266 is a dir
getdir 000000000000010a
   getattr -> 1476971719 1476971719 1476971719
   unique: 438, success, outsize: 144
unique: 439, opcode: FORGET (2), nodeid: 277, insize: 48, pid: 0
unique: 440, opcode: LOOKUP (1), nodeid: 266, insize: 45, pid: 3349
isfile: 266 is a dir
isfile: 278 is a file
getattr 0000000000000116 1
isfile: 278 is a file
getfile 0000000000000116
getfile 0000000000000116 -> sz 4
   getattr -> 4
   unique: 440, success, outsize: 144
unique: 441, opcode: UNLINK (10), nodeid: 266, insize: 45, pid: 3349
isfile: 266 is a dir
   unique: 441, success, outsize: 16
unique: 442, opcode: LOOKUP (1), nodeid: 1, insize: 46, pid: 3349
isfile: 1 is a dir
isfile: 266 is a dir
getattr 000000000000010a 0
isfile: 266 is a dir
isfile: 266 is a dir
getdir 000000000000010a
   getattr -> 1476971719 1476971719 1476971719
   unique: 442, success, outsize: 144
unique: 443, opcode: FORGET (2), nodeid: 278, insize: 48, pid: 0
unique: 444, opcode: LOOKUP (1), nodeid: 266, insize: 45, pid: 3349
isfile: 266 is a dir
isfile: 279 is a file
getattr 0000000000000117 1
isfile: 279 is a file
getfile 0000000000000117
getfile 0000000000000117 -> sz 4
   getattr -> 4
   unique: 444, success, outsize: 144
unique: 445, opcode: UNLINK (10), nodeid: 266, insize: 45, pid: 3349
isfile: 266 is a dir
   unique: 445, success, outsize: 16
unique: 446, opcode: LOOKUP (1), nodeid: 1, insize: 46, pid: 3349
isfile: 1 is a dir
isfile: 266 is a dir
getattr 000000000000010a 0
isfile: 266 is a dir
isfile: 266 is a dir
getdir 000000000000010a
   getattr -> 1476971719 1476971719 1476971719
   unique: 446, success, outsize: 144
unique: 447, opcode: FORGET (2), nodeid: 279, insize: 48, pid: 0
unique: 448, opcode: LOOKUP (1), nodeid: 266, insize: 45, pid: 3349
isfile: 266 is a dir
isfile: 280 is a file
getattr 0000000000000118 1
isfile: 280 is a file
getfile 0000000000000118
getfile 0000000000000118 -> sz 4
   getattr -> 4
   unique: 448, success, outsize: 144
unique: 449, opcode: UNLINK (10), nodeid: 266, insize: 45, pid: 3349
isfile: 266 is a dir
   unique: 449, success, outsize: 16
unique: 450, opcode: LOOKUP (1), nodeid: 1, insize: 46, pid: 3349
isfile: 1 is a dir
isfile: 266 is a dir
getattr 000000000000010a 0
isfile: 266 is a dir
isfile: 266 is a dir
getdir 000000000000010a
   getattr -> 1476971719 1476971719 1476971719
   unique: 450, success, outsize: 144
unique: 451, opcode: FORGET (2), nodeid: 280, insize: 48, pid: 0
unique: 452, opcode: LOOKUP (1), nodeid: 266, insize: 45, pid: 3349
isfile: 266 is a dir
isfile: 281 is a file
getattr 0000000000000119 1
isfile: 281 is a file
getfile 0000000000000119
getfile 0000000000000119 -> sz 4
   getattr -> 4
   unique: 452, success, outsize: 144
unique: 453, opcode: UNLINK (10), nodeid: 266, insize: 45, pid: 3349
isfile: 266 is a dir
   unique: 453, success, outsize: 16
unique: 455, opcode: FORGET (2), nodeid: 281, insize: 48, pid: 0
unique: 454, opcode: LOOKUP (1), nodeid: 1, insize: 46, pid: 3349
isfile: 1 is a dir
isfile: 266 is a dir
getattr 000000000000010a 0
isfile: 266 is a dir
isfile: 266 is a dir
getdir 000000000000010a
   getattr -> 1476971719 1476971719 1476971719
   unique: 454, success, outsize: 144
unique: 456, opcode: LOOKUP (1), nodeid: 266, insize: 45, pid: 3349
isfile: 266 is a dir
isfile: 282 is a file
getattr 000000000000011a 1
isfile: 282 is a file
getfile 000000000000011a
getfile 000000000000011a -> sz 4
   getattr -> 4
   unique: 456, success, outsize: 144
unique: 457, opcode: UNLINK (10), nodeid: 266, insize: 45, pid: 3349
isfile: 266 is a dir
   unique: 457, success, outsize: 16
unique: 458, opcode: FORGET (2), nodeid: 282, insize: 48, pid: 0
unique: 459, opcode: LOOKUP (1), nodeid: 1, insize: 46, pid: 3349
isfile: 1 is a dir
isfile: 266 is a dir
getattr 000000000000010a 0
isfile: 266 is a dir
isfile: 266 is a dir
getdir 000000000000010a
   getattr -> 1476971719 1476971719 1476971719
   unique: 459, success, outsize: 144
unique: 460, opcode: LOOKUP (1), nodeid: 266, insize: 45, pid: 3349
isfile: 266 is a dir
isfile: 283 is a file
getattr 000000000000011b 1
isfile: 283 is a file
getfile 000000000000011b
getfile 000000000000011b -> sz 4
   getattr -> 4
   unique: 460, success, outsize: 144
unique: 461, opcode: UNLINK (10), nodeid: 266, insize: 45, pid: 3349
isfile: 266 is a dir
   unique: 461, success, outsize: 16
unique: 463, opcode: FORGET (2), nodeid: 283, insize: 48, pid: 0
unique: 462, opcode: LOOKUP (1), nodeid: 1, insize: 46, pid: 3349
isfile: 1 is a dir
isfile: 266 is a dir
getattr 000000000000010a 0
isfile: 266 is a dir
isfile: 266 is a dir
getdir 000000000000010a
   getattr -> 1476971719 1476971719 1476971719
   unique: 462, success, outsize: 144
unique: 464, opcode: LOOKUP (1), nodeid: 266, insize: 45, pid: 3349
isfile: 266 is a dir
isfile: 284 is a file
getattr 000000000000011c 1
isfile: 284 is a file
getfile 000000000000011c
getfile 000000000000011c -> sz 4
   getattr -> 4
   unique: 464, success, outsize: 144
unique: 465, opcode: UNLINK (10), nodeid: 266, insize: 45, pid: 3349
isfile: 266 is a dir
   unique: 465, success, outsize: 16
unique: 467, opcode: FORGET (2), nodeid: 284, insize: 48, pid: 0
unique: 466, opcode: LOOKUP (1), nodeid: 1, insize: 46, pid: 3349
isfile: 1 is a dir
isfile: 266 is a dir
getattr 000000000000010a 0
isfile: 266 is a dir
isfile: 266 is a dir
getdir 000000000000010a
   getattr -> 1476971719 1476971719 1476971719
   unique: 466, success, outsize: 144
unique: 468, opcode: LOOKUP (1), nodeid: 266, insize: 45, pid: 3349
isfile: 266 is a dir
isfile: 285 is a file
getattr 000000000000011d 1
isfile: 285 is a file
getfile 000000000000011d
getfile 000000000000011d -> sz 4
   getattr -> 4
   unique: 468, success, outsize: 144
unique: 469, opcode: UNLINK (10), nodeid: 266, insize: 45, pid: 3349
isfile: 266 is a dir
   unique: 469, success, outsize: 16
unique: 471, opcode: FORGET (2), nodeid: 285, insize: 48, pid: 0
unique: 470, opcode: LOOKUP (1), nodeid: 1, insize: 46, pid: 3349
isfile: 1 is a dir
isfile: 266 is a dir
getattr 000000000000010a 0
isfile: 266 is a dir
isfile: 266 is a dir
getdir 000000000000010a
   getattr -> 1476971719 1476971719 1476971719
   unique: 470, success, outsize: 144
unique: 472, opcode: LOOKUP (1), nodeid: 266, insize: 45, pid: 3349
isfile: 266 is a dir
isfile: 286 is a file
getattr 000000000000011e 1
isfile: 286 is a file
getfile 000000000000011e
getfile 000000000000011e -> sz 4
   getattr -> 4
   unique: 472, success, outsize: 144
unique: 473, opcode: UNLINK (10), nodeid: 266, insize: 45, pid: 3349
isfile: 266 is a dir
   unique: 473, success, outsize: 16
unique: 474, opcode: FORGET (2), nodeid: 286, insize: 48, pid: 0
unique: 475, opcode: LOOKUP (1), nodeid: 1, insize: 46, pid: 3349
isfile: 1 is a dir
isfile: 266 is a dir
getattr 000000000000010a 0
isfile: 266 is a dir
isfile: 266 is a dir
getdir 000000000000010a
   getattr -> 1476971720 1476971720 1476971720
   unique: 475, success, outsize: 144
unique: 476, opcode: LOOKUP (1), nodeid: 266, insize: 43, pid: 3349
isfile: 266 is a dir
isfile: 267 is a file
getattr 000000000000010b 1
isfile: 267 is a file
getfile 000000000000010b
getfile 000000000000010b -> sz 20000
   getattr -> 20000
   unique: 476, success, outsize: 144
unique: 477, opcode: OPEN (14), nodeid: 267, insize: 48, pid: 3349
   unique: 477, success, outsize: 32
unique: 478, opcode: GETATTR (3), nodeid: 267, insize: 56, pid: 3349
isfile: 267 is a file
getattr 000000000000010b 1
isfile: 267 is a file
getfile 000000000000010b
getfile 000000000000010b -> sz 20000
   getattr -> 20000
   unique: 478, success, outsize: 120
unique: 479, opcode: READ (15), nodeid: 267, insize: 80, pid: 3349
   unique: 479, success, outsize: 20016
unique: 480, opcode: RELEASE (18), nodeid: 267, insize: 64, pid: 0
   unique: 480, success, outsize: 16
unique: 481, opcode: FORGET (2), nodeid: 276, insize: 48, pid: 0
unique: 482, opcode: FORGET (2), nodeid: 275, insize: 48, pid: 0
unique: 483, opcode: FORGET (2), nodeid: 274, insize: 48, pid: 0
unique: 484, opcode: FORGET (2), nodeid: 273, insize: 48, pid: 0
unique: 485, opcode: FORGET (2), nodeid: 272, insize: 48, pid: 0
unique: 486, opcode: FORGET (2), nodeid: 271, insize: 48, pid: 0
unique: 487, opcode: FORGET (2), nodeid: 270, insize: 48, pid: 0
unique: 488, opcode: FORGET (2), nodeid: 269, insize: 48, pid: 0
unique: 489, opcode: FORGET (2), nodeid: 268, insize: 48, pid: 0
unique: 490, opcode: FORGET (2), nodeid: 267, insize: 48, pid: 0
unique: 491, opcode: FORGET (2), nodeid: 266, insize: 48, pid: 0
unique: 492, opcode: FORGET (2), nodeid: 264, insize: 48, pid: 0
unique: 493, opcode: FORGET (2), nodeid: 265, insize: 48, pid: 0
unique: 494, opcode: FORGET (2), nodeid: 263, insize: 48, pid: 0
unique: 495, opcode: FORGET (2), nodeid: 1, insize: 48, pid: 0
